1533297602076	geckodriver	INFO	geckodriver 0.21.0
1533297602086	geckodriver	INFO	Listening on 127.0.0.1:54199
1533297605101	mozrunner::runner	INFO	Running command: "D:\\soft\\firefox\\firefox.exe" "-marionette" "-foreground" "-no-remote" "-profile" "C:\\Users\\zs\\AppData\\Local\\Temp\\rust_mozprofile.B2xZRNA7RSJQ"
1533297606296	Marionette	INFO	Enabled via --marionette
Unable to read VR Path Registry from C:\Users\zs\AppData\Local\openvr\openvrpaths.vrpath
[Child 3648, Chrome_ChildThread] WARNING: pipe error: 109: file z:/build/build/src/ipc/chromium/src/chrome/common/ipc_channel_win.cc, line 346
[Child 3648, Chrome_ChildThread] WARNING: pipe error: 109: file z:/build/build/src/ipc/chromium/src/chrome/common/ipc_channel_win.cc, line 346
1533297608502	Marionette	INFO	Listening on port 54212
1533297608942	Marionette	WARN	TLS certificate errors will be ignored for this session
1533297608988	Marionette	DEBUG	Register listener.js for window 4294967297
1533297609014	Marionette	DEBUG	Received DOM event "beforeunload" for "about:blank"
1533297610791	Marionette	DEBUG	Received DOM event "pagehide" for "about:blank"
1533297610791	Marionette	DEBUG	Received DOM event "unload" for "about:blank"
Unable to read VR Path Registry from C:\Users\zs\AppData\Local\openvr\openvrpaths.vrpath
JavaScript error: https://ss1.bdstatic.com/5eN1bjq8AAUYm2zgoY3K/r/www/cache/static/protocol/https/plugins/every_cookie_4644b13.js, line 4: ReferenceError: c is not defined
1533297611114	Marionette	DEBUG	Received DOM event "DOMContentLoaded" for "https://www.baidu.com/"
1533297611169	Marionette	DEBUG	Received DOM event "pageshow" for "https://www.baidu.com/"
JavaScript error: https://sp0.baidu.com/5a1Fazu8AA54nxGko9WTAnF6hhy/su?wd=seleniu&json=1&p=3&sid=26936_1428_26963_26432_21098_18559_26350_26922&req=2&csor=7&pwd=seleni&cb=jQuery1102035575046264237586_1533297610955&_=1533297610963, line 1: TypeError: jQuery1102035575046264237586_1533297610955 is not a function
JavaScript error: https://sp0.baidu.com/5a1Fazu8AA54nxGko9WTAnF6hhy/su?wd=sele&json=1&p=3&sid=26936_1428_26963_26432_21098_18559_26350_26922&req=2&csor=4&pwd=sel&cb=jQuery1102035575046264237586_1533297610955&_=1533297610960, line 1: TypeError: jQuery1102035575046264237586_1533297610955 is not a function
JavaScript error: https://sp0.baidu.com/5a1Fazu8AA54nxGko9WTAnF6hhy/su?wd=selenium&json=1&p=3&sid=26936_1428_26963_26432_21098_18559_26350_26922&req=2&csor=8&pwd=seleniu&cb=jQuery1102035575046264237586_1533297610955&_=1533297610964, line 1: TypeError: jQuery1102035575046264237586_1533297610955 is not a function
JavaScript error: https://sp0.baidu.com/5a1Fazu8AA54nxGko9WTAnF6hhy/su?wd=seleni&json=1&p=3&sid=26936_1428_26963_26432_21098_18559_26350_26922&req=2&csor=6&pwd=selen&cb=jQuery1102035575046264237586_1533297610955&_=1533297610962, line 1: TypeError: jQuery1102035575046264237586_1533297610955 is not a function
JavaScript error: https://sp0.baidu.com/5a1Fazu8AA54nxGko9WTAnF6hhy/su?wd=selen&json=1&p=3&sid=26936_1428_26963_26432_21098_18559_26350_26922&req=2&csor=5&pwd=sele&cb=jQuery1102035575046264237586_1533297610955&_=1533297610961, line 1: TypeError: jQuery1102035575046264237586_1533297610955 is not a function
1533297611572	Marionette	DEBUG	Canceled page load listener because no navigation has been detected
Unable to read VR Path Registry from C:\Users\zs\AppData\Local\openvr\openvrpaths.vrpath
[Parent 4056, Gecko_IOThread] WARNING: pipe error: 109: file z:/build/build/src/ipc/chromium/src/chrome/common/ipc_channel_win.cc, line 346
Unable to read VR Path Registry from C:\Users\zs\AppData\Local\openvr\openvrpaths.vrpath
[Child 4604, Chrome_ChildThread] WARNING: pipe error: 109: file z:/build/build/src/ipc/chromium/src/chrome/common/ipc_channel_win.cc, line 346
[Child 4604, Chrome_ChildThread] WARNING: pipe error: 109: file z:/build/build/src/ipc/chromium/src/chrome/common/ipc_channel_win.cc, line 346
[Child 10716, Chrome_ChildThread] WARNING: pipe error: 232: file z:/build/build/src/ipc/chromium/src/chrome/common/ipc_channel_win.cc, line 513
[Child 10716, Chrome_ChildThread] WARNING: pipe error: 109: file z:/build/build/src/ipc/chromium/src/chrome/common/ipc_channel_win.cc, line 346
[Child 10716, Chrome_ChildThread] WARNING: pipe error: 109: file z:/build/build/src/ipc/chromium/src/chrome/common/ipc_channel_win.cc, line 346
*** UTM:SVC TimerManager:registerTimer called after profile-before-change notification. Ignoring timer registration for id: telemetry_modules_ping
Unable to read VR Path Registry from C:\Users\zs\AppData\Local\openvr\openvrpaths.vrpath
[GPU 15336, Chrome_ChildThread] WARNING: pipe error: 109: file z:/build/build/src/ipc/chromium/src/chrome/common/ipc_channel_win.cc, line 346

###!!! [Child][MessageChannel::SendAndWait] Error: Channel error: cannot send/recv

