1503624498231	geckodriver	INFO	Listening on 127.0.0.1:49866
1503624500271	mozprofile::profile	INFO	Using profile path C:\Users\zhengsen\AppData\Local\Temp\rust_mozprofile.aBt3O9RUu6eY
1503624500273	geckodriver::marionette	INFO	Starting browser C:\Program Files\Mozilla Firefox\firefox.exe with args []
1503624500282	geckodriver::marionette	INFO	Connecting to Marionette on localhost:49877
1503624501477	Marionette	INFO	Listening on port 49877
1503624501982	Marionette	WARN	TLS certificate errors will be ignored for this session
JavaScript error: http://80.80.80.40/, line 13: TypeError: Not enough arguments to Window.moveTo.
JavaScript warning: http://80.80.80.40/static/admin/js/ext/ext-all.js, line 21: unreachable code after return statement
JavaScript warning: http://80.80.80.40/static/admin/js/ext/ext-all.js, line 21: unreachable code after return statement
JavaScript error: http://80.80.80.40/itms/, line 78: TypeError: Ext.get(...) is null
1503624605967	addons.productaddons	WARN	Failed downloading via XHR, status: 0, reason: error
1503624713433	addons.productaddons	WARN	Failed downloading via XHR, status: 0, reason: error
*************************
A coding exception was thrown and uncaught in a Task.

Full message: TypeError: NetworkError when attempting to fetch resource.
Full stack: 
*************************
[Child 15656] WARNING: pipe error: 109: file c:/builds/moz2_slave/m-rel-w32-00000000000000000000/build/src/ipc/chromium/src/chrome/common/ipc_channel_win.cc, line 345
[Child 15656] WARNING: pipe error: 109: file c:/builds/moz2_slave/m-rel-w32-00000000000000000000/build/src/ipc/chromium/src/chrome/common/ipc_channel_win.cc, line 345
lement.js:594:15

*************************
Marionette threw an error: [Exception... "Component returned failure code: 0x80070057 (NS_ERROR_ILLEGAL_VALUE) [nsIMessageSender.sendAsyncMessage]"  nsresult: "0x80070057 (NS_ERROR_ILLEGAL_VALUE)"  location: "JS frame :: chrome://marionette/content/proxy.js :: sendReply_ :: line 195"  data: no]
sendReply_@chrome://marionette/content/proxy.js:195:5
reply@chrome://marionette/content/proxy.js:175:7
sendToServer@chrome://marionette/content/listener.js:439:3
sendError@chrome://marionette/content/listener.js:473:3
dispatch/</<@chrome://marionette/content/listener.js:202:40
Handler.prototype.process@resource://gre/modules/Promise.jsm -> resource://gre/modules/Promise-backend.js:935:21
this.PromiseWalker.walkerLoop@resource://gre/modules/Promise.jsm -> resource://gre/modules/Promise-backend.js:813:7
this.PromiseWalker.scheduleWalkerLoop/<@resource://gre/modules/Promise.jsm -> resource://gre/modules/Promise-backend.js:747:11

[Child 16676] ###!!! ABORT: Aborting on channel error.: file c:/builds/moz2_slave/m-rel-w32-00000000000000000000/build/src/ipc/glue/MessageChannel.cpp, line 2143
_/Promise-backend.js 747 this.PromiseWalker.scheduleWalkerLoop/<

console.trace: 
_fronts/inspector.js 829 WalkerFront<.getMutations</<
_/Promise-backend.js 932 Handler.prototype.process
_/Promise-backend.js 813 this.PromiseWalker.walkerLoop
_/Promise-backend.js 747 this.PromiseWalker.scheduleWalkerLoop/<

console.trace: 
_fronts/inspector.js 829 WalkerFront<.getMutations</<
_/Promise-backend.js 932 Handler.prototype.process
_/Promise-backend.js 813 this.PromiseWalker.walkerLoop
_/Promise-backend.js 747 this.PromiseWalker.scheduleWalkerLoop/<

console.error: 
  Won't load source editor as the style sheet has already been removed from Style Editor.
console.error: 
  Message: TypeError: can't access dead object
  Stack:
    get ownerNode@resource://gre/modules/commonjs/toolkit/loader.js -> resource://devtools/server/actors/stylesheets.js:209:5
StyleSheetActor<.getCSSRules@resource://gre/modules/commonjs/toolkit/loader.js -> resource://devtools/server/actors/stylesheets.js:326:9
StyleSheetActor<._getMediaRules@resource://gre/modules/commonjs/toolkit/loader.js -> resource://devtools/server/actors/stylesheets.js:649:12
StyleSheetActor<.getMediaRules@resource://gre/modules/commonjs/toolkit/loader.js -> resource://devtools/server/actors/stylesheets.js:639:12
generateRequestHandlers/</handler@resource://gre/modules/commonjs/toolkit/loader.js -> resource://devtools/shared/protocol.js:1042:19
onPacket@resource://gre/modules/commonjs/toolkit/loader.js -> resource://devtools/server/main.js:1743:15
ChildDebuggerTransport.prototype.receiveMessage@resource://gre/modules/commonjs/toolkit/loader.js -> resource://devtools/shared/transport/transport.js:761:7

get ownerNode@resource://gre/modules/commonjs/toolkit/loader.js -> resource://devtools/server/actors/stylesheets.js:209:5
StyleSheetActor<.getCSSRules@resource://gre/modules/commonjs/toolkit/loader.js -> resource://devtools/server/actors/stylesheets.js:326:9
StyleSheetActor<._getMediaRules@resource://gre/modules/commonjs/toolkit/loader.js -> resource://devtools/server/actors/stylesheets.js:649:12
StyleSheetActor<.getMediaRules@resource://gre/modules/commonjs/toolkit/loader.js -> resource://devtools/server/actors/stylesheets.js:639:12
generateRequestHandlers/</handler@resource://gre/modules/commonjs/toolkit/loader.js -> resource://devtools/shared/protocol.js:1042:19
onPacket@resource://gre/modules/commonjs/toolkit/loader.js -> resource://devtools/server/main.js:1743:15
ChildDebuggerTransport.prototype.receiveMessage@resource://gre/modules/commonjs/toolkit/loader.js -> resource://devtools/shared/transport/transport.js:761:7
console.error: 
  Message: TypeError: can't access dead object
  Stack:
    get ownerNode@resource://gre/modules/commonjs/toolkit/loader.js -> resource://devtools/server/actors/stylesheets.js:209:5
StyleSheetActor<.getCSSRules@resource://gre/modules/commonjs/toolkit/loader.js -> resource://devtools/server/actors/stylesheets.js:326:9
StyleSheetActor<._getMediaRules@resource://gre/modules/commonjs/toolkit/loader.js -> resource://devtools/server/actors/stylesheets.js:649:12
StyleSheetActor<.getMediaRules@resource://gre/modules/commonjs/toolkit/loader.js -> resource://devtools/server/actors/stylesheets.js:639:12
generateRequestHandlers/</handler@resource://gre/modules/commonjs/toolkit/loader.js -> resource://devtools/shared/protocol.js:1042:19
onPacket@resource://gre/modules/commonjs/toolkit/loader.js -> resource://devtools/server/main.js:1743:15
ChildDebuggerTransport.prototype.receiveMessage@resource://gre/modules/commonjs/toolkit/loader.js -> resource://devtools/shared/transport/transport.js:761:7

get ownerNode@resource://gre/modules/commonjs/toolkit/loader.js -> resource://devtools/server/actors/stylesheets.js:209:5
StyleSheetActor<.getCSSRules@resource://gre/modules/commonjs/toolkit/loader.js -> resource://devtools/server/actors/stylesheets.js:326:9
StyleSheetActor<._getMediaRules@resource://gre/modules/commonjs/toolkit/loader.js -> resource://devtools/server/actors/stylesheets.js:649:12
StyleSheetActor<.getMediaRules@resource://gre/modules/commonjs/toolkit/loader.js -> resource://devtools/server/actors/stylesheets.js:639:12
generateRequestHandlers/</handler@resource://gre/modules/commonjs/toolkit/loader.js -> resource://devtools/shared/protocol.js:1042:19
onPacket@resource://gre/modules/commonjs/toolkit/loader.js -> resource://devtools/server/main.js:1743:15
ChildDebuggerTransport.prototype.receiveMessage@resource://gre/modules/commonjs/toolkit/loader.js -> resource://devtools/shared/transport/transport.js:761:7
console.error: 
  Protocol error (unknownError): can't access dead object
console.error: 
  Protocol error (unknownError): can't access dead object
console.error: 
  Message: TypeError: can't access dead object
  Stack:
    get ownerNode@resource://gre/modules/commonjs/toolkit/loader.js -> resource://devtools/server/actors/stylesheets.js:209:5
StyleSheetActor<.getCSSRules@resource://gre/modules/commonjs/toolkit/loader.js -> resource://devtools/server/actors/stylesheets.js:326:9
StyleSheetActor<._getMediaRules@resource://gre/modules/commonjs/toolkit/loader.js -> resource://devtools/server/actors/stylesheets.js:649:12
StyleSheetActor<.getMediaRules@resource://gre/modules/commonjs/toolkit/loader.js -> resource://devtools/server/actors/stylesheets.js:639:12
generateRequestHandlers/</handler@resource://gre/modules/commonjs/toolkit/loader.js -> resource://devtools/shared/protocol.js:1042:19
onPacket@resource://gre/modules/commonjs/toolkit/loader.js -> resource://devtools/server/main.js:1743:15
ChildDebuggerTransport.prototype.receiveMessage@resource://gre/modules/commonjs/toolkit/loader.js -> resource://devtools/shared/transport/transport.js:761:7

get ownerNode@resource://gre/modules/commonjs/toolkit/loader.js -> resource://devtools/server/actors/stylesheets.js:209:5
StyleSheetActor<.getCSSRules@resource://gre/modules/commonjs/toolkit/loader.js -> resource://devtools/server/actors/stylesheets.js:326:9
StyleSheetActor<._getMediaRules@resource://gre/modules/commonjs/toolkit/loader.js -> resource://devtools/server/actors/stylesheets.js:649:12
StyleSheetActor<.getMediaRules@resource://gre/modules/commonjs/toolkit/loader.js -> resource://devtools/server/actors/stylesheets.js:639:12
generateRequestHandlers/</handler@resource://gre/modules/commonjs/toolkit/loader.js -> resource://devtools/shared/protocol.js:1042:19
onPacket@resource://gre/modules/commonjs/toolkit/loader.js -> resource://devtools/server/main.js:1743:15
ChildDebuggerTransport.prototype.receiveMessage@resource://gre/modules/commonjs/toolkit/loader.js -> resource://devtools/shared/transport/transport.js:761:7
console.error: 
  Protocol error (unknownError): can't access dead object
JavaScript warning: http://80.80.80.40/static/admin/js/ext/ext-all.js, line 21: unreachable code after return statement
JavaScript warning: http://80.80.80.40/static/admin/js/ext/ext-all.js, line 21: unreachable code after return statement
JavaScript error: http://80.80.80.40/itms/, line 78: TypeError: Ext.get(...) is null
console.error: 
  Message: TypeError: can't access dead object
  Stack:
    get ownerNode@resource://gre/modules/commonjs/toolkit/loader.js -> resource://devtools/server/actors/stylesheets.js:209:5
StyleSheetActor<.getCSSRules@resource://gre/modules/commonjs/toolkit/loader.js -> resource://devtools/server/actors/stylesheets.js:326:9
StyleSheetActor<._getMediaRules@resource://gre/modules/commonjs/toolkit/loader.js -> resource://devtools/server/actors/stylesheets.js:649:12
StyleSheetActor<.getMediaRules@resource://gre/modules/commonjs/toolkit/loader.js -> resource://devtools/server/actors/stylesheets.js:639:12
generateRequestHandlers/</handler@resource://gre/modules/commonjs/toolkit/loader.js -> resource://devtools/shared/protocol.js:1042:19
onPacket@resource://gre/modules/commonjs/toolkit/loader.js -> resource://devtools/server/main.js:1743:15
ChildDebuggerTransport.prototype.receiveMessage@resource://gre/modules/commonjs/toolkit/loader.js -> resource://devtools/shared/transport/transport.js:761:7

get ownerNode@resource://gre/modules/commonjs/toolkit/loader.js -> resource://devtools/server/actors/stylesheets.js:209:5
StyleSheetActor<.getCSSRules@resource://gre/modules/commonjs/toolkit/loader.js -> resource://devtools/server/actors/stylesheets.js:326:9
StyleSheetActor<._getMediaRules@resource://gre/modules/commonjs/toolkit/loader.js -> resource://devtools/server/actors/stylesheets.js:649:12
StyleSheetActor<.getMediaRules@resource://gre/modules/commonjs/toolkit/loader.js -> resource://devtools/server/actors/stylesheets.js:639:12
generateRequestHandlers/</handler@resource://gre/modules/commonjs/toolkit/loader.js -> resource://devtools/shared/protocol.js:1042:19
onPacket@resource://gre/modules/commonjs/toolkit/loader.js -> resource://devtools/server/main.js:1743:15
ChildDebuggerTransport.prototype.receiveMessage@resource://gre/modules/commonjs/toolkit/loader.js -> resource://devtools/shared/transport/transport.js:761:7
console.error: 
  Message: TypeError: can't access dead object
  Stack:
    get ownerNode@resource://gre/modules/commonjs/toolkit/loader.js -> resource://devtools/server/actors/stylesheets.js:209:5
StyleSheetActor<.getCSSRules@resource://gre/modules/commonjs/toolkit/loader.js -> resource://devtools/server/actors/stylesheets.js:326:9
StyleSheetActor<._getMediaRules@resource://gre/modules/commonjs/toolkit/loader.js -> resource://devtools/server/actors/stylesheets.js:649:12
StyleSheetActor<.getMediaRules@resource://gre/modules/commonjs/toolkit/loader.js -> resource://devtools/server/actors/stylesheets.js:639:12
generateRequestHandlers/</handler@resource://gre/modules/commonjs/toolkit/loader.js -> resource://devtools/shared/protocol.js:1042:19
onPacket@resource://gre/modules/commonjs/toolkit/loader.js -> resource://devtools/server/main.js:1743:15
ChildDebuggerTransport.prototype.receiveMessage@resource://gre/modules/commonjs/toolkit/loader.js -> resource://devtools/shared/transport/transport.js:761:7

get ownerNode@resource://gre/modules/commonjs/toolkit/loader.js -> resource://devtools/server/actors/stylesheets.js:209:5
StyleSheetActor<.getCSSRules@resource://gre/modules/commonjs/toolkit/loader.js -> resource://devtools/server/actors/stylesheets.js:326:9
StyleSheetActor<._getMediaRules@resource://gre/modules/commonjs/toolkit/loader.js -> resource://devtools/server/actors/stylesheets.js:649:12
StyleSheetActor<.getMediaRules@resource://gre/modules/commonjs/toolkit/loader.js -> resource://devtools/server/actors/stylesheets.js:639:12
generateRequestHandlers/</handler@resource://gre/modules/commonjs/toolkit/loader.js -> resource://devtools/shared/protocol.js:1042:19
onPacket@resource://gre/modules/commonjs/toolkit/loader.js -> resource://devtools/server/main.js:1743:15
ChildDebuggerTransport.prototype.receiveMessage@resource://gre/modules/commonjs/toolkit/loader.js -> resource://devtools/shared/transport/transport.js:761:7
console.error: 
  Protocol error (unknownError): can't access dead object
console.error: 
  Message: TypeError: can't access dead object
  Stack:
    get ownerNode@resource://gre/modules/commonjs/toolkit/loader.js -> resource://devtools/server/actors/stylesheets.js:209:5
StyleSheetActor<.getCSSRules@resource://gre/modules/commonjs/toolkit/loader.js -> resource://devtools/server/actors/stylesheets.js:326:9
StyleSheetActor<._getMediaRules@resource://gre/modules/commonjs/toolkit/loader.js -> resource://devtools/server/actors/stylesheets.js:649:12
StyleSheetActor<.getMediaRules@resource://gre/modules/commonjs/toolkit/loader.js -> resource://devtools/server/actors/stylesheets.js:639:12
generateRequestHandlers/</handler@resource://gre/modules/commonjs/toolkit/loader.js -> resource://devtools/shared/protocol.js:1042:19
onPacket@resource://gre/modules/commonjs/toolkit/loader.js -> resource://devtools/server/main.js:1743:15
ChildDebuggerTransport.prototype.receiveMessage@resource://gre/modules/commonjs/toolkit/loader.js -> resource://devtools/shared/transport/transport.js:761:7

get ownerNode@resource://gre/modules/commonjs/toolkit/loader.js -> resource://devtools/server/actors/stylesheets.js:209:5
StyleSheetActor<.getCSSRules@resource://gre/modules/commonjs/toolkit/loader.js -> resource://devtools/server/actors/stylesheets.js:326:9
StyleSheetActor<._getMediaRules@resource://gre/modules/commonjs/toolkit/loader.js -> resource://devtools/server/actors/stylesheets.js:649:12
StyleSheetActor<.getMediaRules@resource://gre/modules/commonjs/toolkit/loader.js -> resource://devtools/server/actors/stylesheets.js:639:12
generateRequestHandlers/</handler@resource://gre/modules/commonjs/toolkit/loader.js -> resource://devtools/shared/protocol.js:1042:19
onPacket@resource://gre/modules/commonjs/toolkit/loader.js -> resource://devtools/server/main.js:1743:15
ChildDebuggerTransport.prototype.receiveMessage@resource://gre/modules/commonjs/toolkit/loader.js -> resource://devtools/shared/transport/transport.js:761:7
console.error: 
  Message: TypeError: can't access dead object
  Stack:
    get ownerNode@resource://gre/modules/commonjs/toolkit/loader.js -> resource://devtools/server/actors/stylesheets.js:209:5
StyleSheetActor<.getCSSRules@resource://gre/modules/commonjs/toolkit/loader.js -> resource://devtools/server/actors/stylesheets.js:326:9
StyleSheetActor<._getMediaRules@resource://gre/modules/commonjs/toolkit/loader.js -> resource://devtools/server/actors/stylesheets.js:649:12
StyleSheetActor<.getMediaRules@resource://gre/modules/commonjs/toolkit/loader.js -> resource://devtools/server/actors/stylesheets.js:639:12
generateRequestHandlers/</handler@resource://gre/modules/commonjs/toolkit/loader.js -> resource://devtools/shared/protocol.js:1042:19
onPacket@resource://gre/modules/commonjs/toolkit/loader.js -> resource://devtools/server/main.js:1743:15
ChildDebuggerTransport.prototype.receiveMessage@resource://gre/modules/commonjs/toolkit/loader.js -> resource://devtools/shared/transport/transport.js:761:7

get ownerNode@resource://gre/modules/commonjs/toolkit/loader.js -> resource://devtools/server/actors/stylesheets.js:209:5
StyleSheetActor<.getCSSRules@resource://gre/modules/commonjs/toolkit/loader.js -> resource://devtools/server/actors/stylesheets.js:326:9
StyleSheetActor<._getMediaRules@resource://gre/modules/commonjs/toolkit/loader.js -> resource://devtools/server/actors/stylesheets.js:649:12
StyleSheetActor<.getMediaRules@resource://gre/modules/commonjs/toolkit/loader.js -> resource://devtools/server/actors/stylesheets.js:639:12
generateRequestHandlers/</handler@resource://gre/modules/commonjs/toolkit/loader.js -> resource://devtools/shared/protocol.js:1042:19
onPacket@resource://gre/modules/commonjs/toolkit/loader.js -> resource://devtools/server/main.js:1743:15
ChildDebuggerTransport.prototype.receiveMessage@resource://gre/modules/commonjs/toolkit/loader.js -> resource://devtools/shared/transport/transport.js:761:7
console.error: 
  Protocol error (unknownError): can't access dead object
console.error: 
  Message: TypeError: can't access dead object
  Stack:
    get ownerNode@resource://gre/modules/commonjs/toolkit/loader.js -> resource://devtools/server/actors/stylesheets.js:209:5
StyleSheetActor<.getCSSRules@resource://gre/modules/commonjs/toolkit/loader.js -> resource://devtools/server/actors/stylesheets.js:326:9
StyleSheetActor<._getMediaRules@resource://gre/modules/commonjs/toolkit/loader.js -> resource://devtools/server/actors/stylesheets.js:649:12
StyleSheetActor<.getMediaRules@resource://gre/modules/commonjs/toolkit/loader.js -> resource://devtools/server/actors/stylesheets.js:639:12
generateRequestHandlers/</handler@resource://gre/modules/commonjs/toolkit/loader.js -> resource://devtools/shared/protocol.js:1042:19
onPacket@resource://gre/modules/commonjs/toolkit/loader.js -> resource://devtools/server/main.js:1743:15
ChildDebuggerTransport.prototype.receiveMessage@resource://gre/modules/commonjs/toolkit/loader.js -> resource://devtools/shared/transport/transport.js:761:7

get ownerNode@resource://gre/modules/commonjs/toolkit/loader.js -> resource://devtools/server/actors/stylesheets.js:209:5
StyleSheetActor<.getCSSRules@resource://gre/modules/commonjs/toolkit/loader.js -> resource://devtools/server/actors/stylesheets.js:326:9
StyleSheetActor<._getMediaRules@resource://gre/modules/commonjs/toolkit/loader.js -> resource://devtools/server/actors/stylesheets.js:649:12
StyleSheetActor<.getMediaRules@resource://gre/modules/commonjs/toolkit/loader.js -> resource://devtools/server/actors/stylesheets.js:639:12
generateRequestHandlers/</handler@resource://gre/modules/commonjs/toolkit/loader.js -> resource://devtools/shared/protocol.js:1042:19
onPacket@resource://gre/modules/commonjs/toolkit/loader.js -> resource://devtools/server/main.js:1743:15
ChildDebuggerTransport.prototype.receiveMessage@resource://gre/modules/commonjs/toolkit/loader.js -> resource://devtools/shared/transport/transport.js:761:7
console.error: 
  Message: TypeError: can't access dead object
  Stack:
    get ownerNode@resource://gre/modules/commonjs/toolkit/loader.js -> resource://devtools/server/actors/stylesheets.js:209:5
StyleSheetActor<.getCSSRules@resource://gre/modules/commonjs/toolkit/loader.js -> resource://devtools/server/actors/stylesheets.js:326:9
StyleSheetActor<._getMediaRules@resource://gre/modules/commonjs/toolkit/loader.js -> resource://devtools/server/actors/stylesheets.js:649:12
StyleSheetActor<.getMediaRules@resource://gre/modules/commonjs/toolkit/loader.js -> resource://devtools/server/actors/stylesheets.js:639:12
generateRequestHandlers/</handler@resource://gre/modules/commonjs/toolkit/loader.js -> resource://devtools/shared/protocol.js:1042:19
onPacket@resource://gre/modules/commonjs/toolkit/loader.js -> resource://devtools/server/main.js:1743:15
ChildDebuggerTransport.prototype.receiveMessage@resource://gre/modules/commonjs/toolkit/loader.js -> resource://devtools/shared/transport/transport.js:761:7

get ownerNode@resource://gre/modules/commonjs/toolkit/loader.js -> resource://devtools/server/actors/stylesheets.js:209:5
StyleSheetActor<.getCSSRules@resource://gre/modules/commonjs/toolkit/loader.js -> resource://devtools/server/actors/stylesheets.js:326:9
StyleSheetActor<._getMediaRules@resource://gre/modules/commonjs/toolkit/loader.js -> resource://devtools/server/actors/stylesheets.js:649:12
StyleSheetActor<.getMediaRules@resource://gre/modules/commonjs/toolkit/loader.js -> resource://devtools/server/actors/stylesheets.js:639:12
generateRequestHandlers/</handler@resource://gre/modules/commonjs/toolkit/loader.js -> resource://devtools/shared/protocol.js:1042:19
onPacket@resource://gre/modules/commonjs/toolkit/loader.js -> resource://devtools/server/main.js:1743:15
ChildDebuggerTransport.prototype.receiveMessage@resource://gre/modules/commonjs/toolkit/loader.js -> resource://devtools/shared/transport/transport.js:761:7
console.error: 
  Message: TypeError: can't access dead object
  Stack:
    get ownerNode@resource://gre/modules/commonjs/toolkit/loader.js -> resource://devtools/server/actors/stylesheets.js:209:5
StyleSheetActor<.getCSSRules@resource://gre/modules/commonjs/toolkit/loader.js -> resource://devtools/server/actors/stylesheets.js:326:9
StyleSheetActor<._getMediaRules@resource://gre/modules/commonjs/toolkit/loader.js -> resource://devtools/server/actors/stylesheets.js:649:12
StyleSheetActor<.getMediaRules@resource://gre/modules/commonjs/toolkit/loader.js -> resource://devtools/server/actors/stylesheets.js:639:12
generateRequestHandlers/</handler@resource://gre/modules/commonjs/toolkit/loader.js -> resource://devtools/shared/protocol.js:1042:19
onPacket@resource://gre/modules/commonjs/toolkit/loader.js -> resource://devtools/server/main.js:1743:15
ChildDebuggerTransport.prototype.receiveMessage@resource://gre/modules/commonjs/toolkit/loader.js -> resource://devtools/shared/transport/transport.js:761:7

get ownerNode@resource://gre/modules/commonjs/toolkit/loader.js -> resource://devtools/server/actors/stylesheets.js:209:5
StyleSheetActor<.getCSSRules@resource://gre/modules/commonjs/toolkit/loader.js -> resource://devtools/server/actors/stylesheets.js:326:9
StyleSheetActor<._getMediaRules@resource://gre/modules/commonjs/toolkit/loader.js -> resource://devtools/server/actors/stylesheets.js:649:12
StyleSheetActor<.getMediaRules@resource://gre/modules/commonjs/toolkit/loader.js -> resource://devtools/server/actors/stylesheets.js:639:12
generateRequestHandlers/</handler@resource://gre/modules/commonjs/toolkit/loader.js -> resource://devtools/shared/protocol.js:1042:19
onPacket@resource://gre/modules/commonjs/toolkit/loader.js -> resource://devtools/server/main.js:1743:15
ChildDebuggerTransport.prototype.receiveMessage@resource://gre/modules/commonjs/toolkit/loader.js -> resource://devtools/shared/transport/transport.js:761:7
console.error: 
  Protocol error (unknownError): can't access dead object
console.error: 
  Protocol error (unknownError): can't access dead object
console.error: 
  Protocol error (unknownError): can't access dead object
console.error: 
  Protocol error (unknownError): can't access dead object
console.error: 
  Protocol error (unknownError): can't access dead object
console.error: 
  Message: TypeError: can't access dead object
  Stack:
    get ownerNode@resource://gre/modules/commonjs/toolkit/loader.js -> resource://devtools/server/actors/stylesheets.js:209:5
StyleSheetActor<.getCSSRules@resource://gre/modules/commonjs/toolkit/loader.js -> resource://devtools/server/actors/stylesheets.js:326:9
StyleSheetActor<._getMediaRules@resource://gre/modules/commonjs/toolkit/loader.js -> resource://devtools/server/actors/stylesheets.js:649:12
StyleSheetActor<.getMediaRules@resource://gre/modules/commonjs/toolkit/loader.js -> resource://devtools/server/actors/stylesheets.js:639:12
generateRequestHandlers/</handler@resource://gre/modules/commonjs/toolkit/loader.js -> resource://devtools/shared/protocol.js:1042:19
onPacket@resource://gre/modules/commonjs/toolkit/loader.js -> resource://devtools/server/main.js:1743:15
ChildDebuggerTransport.prototype.receiveMessage@resource://gre/modules/commonjs/toolkit/loader.js -> resource://devtools/shared/transport/transport.js:761:7

get ownerNode@resource://gre/modules/commonjs/toolkit/loader.js -> resource://devtools/server/actors/stylesheets.js:209:5
StyleSheetActor<.getCSSRules@resource://gre/modules/commonjs/toolkit/loader.js -> resource://devtools/server/actors/stylesheets.js:326:9
StyleSheetActor<._getMediaRules@resource://gre/modules/commonjs/toolkit/loader.js -> resource://devtools/server/actors/stylesheets.js:649:12
StyleSheetActor<.getMediaRules@resource://gre/modules/commonjs/toolkit/loader.js -> resource://devtools/server/actors/stylesheets.js:639:12
generateRequestHandlers/</handler@resource://gre/modules/commonjs/toolkit/loader.js -> resource://devtools/shared/protocol.js:1042:19
onPacket@resource://gre/modules/commonjs/toolkit/loader.js -> resource://devtools/server/main.js:1743:15
ChildDebuggerTransport.prototype.receiveMessage@resource://gre/modules/commonjs/toolkit/loader.js -> resource://devtools/shared/transport/transport.js:761:7
console.error: 
  Protocol error (unknownError): can't access dead object
console.error: 
  Message: TypeError: can't access dead object
  Stack:
    get ownerNode@resource://gre/modules/commonjs/toolkit/loader.js -> resource://devtools/server/actors/stylesheets.js:209:5
StyleSheetActor<.getCSSRules@resource://gre/modules/commonjs/toolkit/loader.js -> resource://devtools/server/actors/stylesheets.js:326:9
StyleSheetActor<._getMediaRules@resource://gre/modules/commonjs/toolkit/loader.js -> resource://devtools/server/actors/stylesheets.js:649:12
StyleSheetActor<.getMediaRules@resource://gre/modules/commonjs/toolkit/loader.js -> resource://devtools/server/actors/stylesheets.js:639:12
generateRequestHandlers/</handler@resource://gre/modules/commonjs/toolkit/loader.js -> resource://devtools/shared/protocol.js:1042:19
onPacket@resource://gre/modules/commonjs/toolkit/loader.js -> resource://devtools/server/main.js:1743:15
ChildDebuggerTransport.prototype.receiveMessage@resource://gre/modules/commonjs/toolkit/loader.js -> resource://devtools/shared/transport/transport.js:761:7

get ownerNode@resource://gre/modules/commonjs/toolkit/loader.js -> resource://devtools/server/actors/stylesheets.js:209:5
StyleSheetActor<.getCSSRules@resource://gre/modules/commonjs/toolkit/loader.js -> resource://devtools/server/actors/stylesheets.js:326:9
StyleSheetActor<._getMediaRules@resource://gre/modules/commonjs/toolkit/loader.js -> resource://devtools/server/actors/stylesheets.js:649:12
StyleSheetActor<.getMediaRules@resource://gre/modules/commonjs/toolkit/loader.js -> resource://devtools/server/actors/stylesheets.js:639:12
generateRequestHandlers/</handler@resource://gre/modules/commonjs/toolkit/loader.js -> resource://devtools/shared/protocol.js:1042:19
onPacket@resource://gre/modules/commonjs/toolkit/loader.js -> resource://devtools/server/main.js:1743:15
ChildDebuggerTransport.prototype.receiveMessage@resource://gre/modules/commonjs/toolkit/loader.js -> resource://devtools/shared/transport/transport.js:761:7
console.error: 
  Message: TypeError: can't access dead object
  Stack:
    get ownerNode@resource://gre/modules/commonjs/toolkit/loader.js -> resource://devtools/server/actors/stylesheets.js:209:5
StyleSheetActor<.getCSSRules@resource://gre/modules/commonjs/toolkit/loader.js -> resource://devtools/server/actors/stylesheets.js:326:9
StyleSheetActor<._getMediaRules@resource://gre/modules/commonjs/toolkit/loader.js -> resource://devtools/server/actors/stylesheets.js:649:12
StyleSheetActor<.getMediaRules@resource://gre/modules/commonjs/toolkit/loader.js -> resource://devtools/server/actors/stylesheets.js:639:12
generateRequestHandlers/</handler@resource://gre/modules/commonjs/toolkit/loader.js -> resource://devtools/shared/protocol.js:1042:19
onPacket@resource://gre/modules/commonjs/toolkit/loader.js -> resource://devtools/server/main.js:1743:15
ChildDebuggerTransport.prototype.receiveMessage@resource://gre/modules/commonjs/toolkit/loader.js -> resource://devtools/shared/transport/transport.js:761:7

get ownerNode@resource://gre/modules/commonjs/toolkit/loader.js -> resource://devtools/server/actors/stylesheets.js:209:5
StyleSheetActor<.getCSSRules@resource://gre/modules/commonjs/toolkit/loader.js -> resource://devtools/server/actors/stylesheets.js:326:9
StyleSheetActor<._getMediaRules@resource://gre/modules/commonjs/toolkit/loader.js -> resource://devtools/server/actors/stylesheets.js:649:12
StyleSheetActor<.getMediaRules@resource://gre/modules/commonjs/toolkit/loader.js -> resource://devtools/server/actors/stylesheets.js:639:12
generateRequestHandlers/</handler@resource://gre/modules/commonjs/toolkit/loader.js -> resource://devtools/shared/protocol.js:1042:19
onPacket@resource://gre/modules/commonjs/toolkit/loader.js -> resource://devtools/server/main.js:1743:15
ChildDebuggerTransport.prototype.receiveMessage@resource://gre/modules/commonjs/toolkit/loader.js -> resource://devtools/shared/transport/transport.js:761:7
console.error: 
  Protocol error (unknownError): can't access dead object
console.error: 
  Protocol error (unknownError): can't access dead object
console.error: 
  Message: TypeError: can't access dead object
  Stack:
    get ownerNode@resource://gre/modules/commonjs/toolkit/loader.js -> resource://devtools/server/actors/stylesheets.js:209:5
StyleSheetActor<.getCSSRules@resource://gre/modules/commonjs/toolkit/loader.js -> resource://devtools/server/actors/stylesheets.js:326:9
StyleSheetActor<._getMediaRules@resource://gre/modules/commonjs/toolkit/loader.js -> resource://devtools/server/actors/stylesheets.js:649:12
StyleSheetActor<.getMediaRules@resource://gre/modules/commonjs/toolkit/loader.js -> resource://devtools/server/actors/stylesheets.js:639:12
generateRequestHandlers/</handler@resource://gre/modules/commonjs/toolkit/loader.js -> resource://devtools/shared/protocol.js:1042:19
onPacket@resource://gre/modules/commonjs/toolkit/loader.js -> resource://devtools/server/main.js:1743:15
ChildDebuggerTransport.prototype.receiveMessage@resource://gre/modules/commonjs/toolkit/loader.js -> resource://devtools/shared/transport/transport.js:761:7

get ownerNode@resource://gre/modules/commonjs/toolkit/loader.js -> resource://devtools/server/actors/stylesheets.js:209:5
StyleSheetActor<.getCSSRules@resource://gre/modules/commonjs/toolkit/loader.js -> resource://devtools/server/actors/stylesheets.js:326:9
StyleSheetActor<._getMediaRules@resource://gre/modules/commonjs/toolkit/loader.js -> resource://devtools/server/actors/stylesheets.js:649:12
StyleSheetActor<.getMediaRules@resource://gre/modules/commonjs/toolkit/loader.js -> resource://devtools/server/actors/stylesheets.js:639:12
generateRequestHandlers/</handler@resource://gre/modules/commonjs/toolkit/loader.js -> resource://devtools/shared/protocol.js:1042:19
onPacket@resource://gre/modules/commonjs/toolkit/loader.js -> resource://devtools/server/main.js:1743:15
ChildDebuggerTransport.prototype.receiveMessage@resource://gre/modules/commonjs/toolkit/loader.js -> resource://devtools/shared/transport/transport.js:761:7
console.error: 
  Message: TypeError: can't access dead object
  Stack:
    get ownerNode@resource://gre/modules/commonjs/toolkit/loader.js -> resource://devtools/server/actors/stylesheets.js:209:5
StyleSheetActor<.getCSSRules@resource://gre/modules/commonjs/toolkit/loader.js -> resource://devtools/server/actors/stylesheets.js:326:9
StyleSheetActor<._getMediaRules@resource://gre/modules/commonjs/toolkit/loader.js -> resource://devtools/server/actors/stylesheets.js:649:12
StyleSheetActor<.getMediaRules@resource://gre/modules/commonjs/toolkit/loader.js -> resource://devtools/server/actors/stylesheets.js:639:12
generateRequestHandlers/</handler@resource://gre/modules/commonjs/toolkit/loader.js -> resource://devtools/shared/protocol.js:1042:19
onPacket@resource://gre/modules/commonjs/toolkit/loader.js -> resource://devtools/server/main.js:1743:15
ChildDebuggerTransport.prototype.receiveMessage@resource://gre/modules/commonjs/toolkit/loader.js -> resource://devtools/shared/transport/transport.js:761:7

get ownerNode@resource://gre/modules/commonjs/toolkit/loader.js -> resource://devtools/server/actors/stylesheets.js:209:5
StyleSheetActor<.getCSSRules@resource://gre/modules/commonjs/toolkit/loader.js -> resource://devtools/server/actors/stylesheets.js:326:9
StyleSheetActor<._getMediaRules@resource://gre/modules/commonjs/toolkit/loader.js -> resource://devtools/server/actors/stylesheets.js:649:12
StyleSheetActor<.getMediaRules@resource://gre/modules/commonjs/toolkit/loader.js -> resource://devtools/server/actors/stylesheets.js:639:12
generateRequestHandlers/</handler@resource://gre/modules/commonjs/toolkit/loader.js -> resource://devtools/shared/protocol.js:1042:19
onPacket@resource://gre/modules/commonjs/toolkit/loader.js -> resource://devtools/server/main.js:1743:15
ChildDebuggerTransport.prototype.receiveMessage@resource://gre/modules/commonjs/toolkit/loader.js -> resource://devtools/shared/transport/transport.js:761:7
console.error: 
  Protocol error (unknownError): can't access dead object
console.error: 
  Protocol error (unknownError): can't access dead object
console.error: 
  Message: TypeError: can't access dead object
  Stack:
    get ownerNode@resource://gre/modules/commonjs/toolkit/loader.js -> resource://devtools/server/actors/stylesheets.js:209:5
StyleSheetActor<.getCSSRules@resource://gre/modules/commonjs/toolkit/loader.js -> resource://devtools/server/actors/stylesheets.js:326:9
StyleSheetActor<._getMediaRules@resource://gre/modules/commonjs/toolkit/loader.js -> resource://devtools/server/actors/stylesheets.js:649:12
StyleSheetActor<.getMediaRules@resource://gre/modules/commonjs/toolkit/loader.js -> resource://devtools/server/actors/stylesheets.js:639:12
generateRequestHandlers/</handler@resource://gre/modules/commonjs/toolkit/loader.js -> resource://devtools/shared/protocol.js:1042:19
onPacket@resource://gre/modules/commonjs/toolkit/loader.js -> resource://devtools/server/main.js:1743:15
ChildDebuggerTransport.prototype.receiveMessage@resource://gre/modules/commonjs/toolkit/loader.js -> resource://devtools/shared/transport/transport.js:761:7

get ownerNode@resource://gre/modules/commonjs/toolkit/loader.js -> resource://devtools/server/actors/stylesheets.js:209:5
StyleSheetActor<.getCSSRules@resource://gre/modules/commonjs/toolkit/loader.js -> resource://devtools/server/actors/stylesheets.js:326:9
StyleSheetActor<._getMediaRules@resource://gre/modules/commonjs/toolkit/loader.js -> resource://devtools/server/actors/stylesheets.js:649:12
StyleSheetActor<.getMediaRules@resource://gre/modules/commonjs/toolkit/loader.js -> resource://devtools/server/actors/stylesheets.js:639:12
generateRequestHandlers/</handler@resource://gre/modules/commonjs/toolkit/loader.js -> resource://devtools/shared/protocol.js:1042:19
onPacket@resource://gre/modules/commonjs/toolkit/loader.js -> resource://devtools/server/main.js:1743:15
ChildDebuggerTransport.prototype.receiveMessage@resource://gre/modules/commonjs/toolkit/loader.js -> resource://devtools/shared/transport/transport.js:761:7
console.error: 
  Message: TypeError: can't access dead object
  Stack:
    get href@resource://gre/modules/commonjs/toolkit/loader.js -> resource://devtools/server/actors/stylesheets.js:216:5
StyleSheetActor<._getText@resource://gre/modules/commonjs/toolkit/loader.js -> resource://devtools/server/actors/stylesheets.js:445:9
StyleSheetActor<.getText@resource://gre/modules/commonjs/toolkit/loader.js -> resource://devtools/server/actors/stylesheets.js:422:12
generateRequestHandlers/</handler@resource://gre/modules/commonjs/toolkit/loader.js -> resource://devtools/shared/protocol.js:1042:19
onPacket@resource://gre/modules/commonjs/toolkit/loader.js -> resource://devtools/server/main.js:1743:15
ChildDebuggerTransport.prototype.receiveMessage@resource://gre/modules/commonjs/toolkit/loader.js -> resource://devtools/shared/transport/transport.js:761:7

get href@resource://gre/modules/commonjs/toolkit/loader.js -> resource://devtools/server/actors/stylesheets.js:216:5
StyleSheetActor<._getText@resource://gre/modules/commonjs/toolkit/loader.js -> resource://devtools/server/actors/stylesheets.js:445:9
StyleSheetActor<.getText@resource://gre/modules/commonjs/toolkit/loader.js -> resource://devtools/server/actors/stylesheets.js:422:12
generateRequestHandlers/</handler@resource://gre/modules/commonjs/toolkit/loader.js -> resource://devtools/shared/protocol.js:1042:19
onPacket@resource://gre/modules/commonjs/toolkit/loader.js -> resource://devtools/server/main.js:1743:15
ChildDebuggerTransport.prototype.receiveMessage@resource://gre/modules/commonjs/toolkit/loader.js -> resource://devtools/shared/transport/transport.js:761:7
console.error: 
  Protocol error (unknownError): can't access dead object
JavaScript warning: http://80.80.80.40/static/admin/js/ext/ext-all.js, line 21: unreachable code after return statement
JavaScript warning: http://80.80.80.40/static/admin/js/ext/ext-all.js, line 21: unreachable code after return statement
JavaScript error: http://80.80.80.40/itms/, line 78: TypeError: Ext.get(...) is null
JavaScript warning: http://80.80.80.40/static/admin/js/ext/ext-all.js, line 21: unreachable code after return statement
JavaScript warning: http://80.80.80.40/static/admin/js/ext/ext-all.js, line 21: unreachable code after return statement
JavaScript error: http://80.80.80.40/itms/, line 78: TypeError: Ext.get(...) is null
JavaScript warning: http://80.80.80.40/static/admin/js/ext/ext-all.js, line 21: unreachable code after return statement
JavaScript warning: http://80.80.80.40/static/admin/js/ext/ext-all.js, line 21: unreachable code after return statement
JavaScript error: http://80.80.80.40/itms/, line 78: TypeError: Ext.get(...) is null
console.trace: 
_fronts/inspector.js 829 WalkerFront<.getMutations</<
_/Promise-backend.js 932 Handler.prototype.process
_/Promise-backend.js 813 this.PromiseWalker.walkerLoop
_/Promise-backend.js 747 this.PromiseWalker.scheduleWalkerLoop/<

console.trace: 
_fronts/inspector.js 829 WalkerFront<.getMutations</<
_/Promise-backend.js 932 Handler.prototype.process
_/Promise-backend.js 813 this.PromiseWalker.walkerLoop
_/Promise-backend.js 747 this.PromiseWalker.scheduleWalkerLoop/<

console.trace: 
_fronts/inspector.js 829 WalkerFront<.getMutations</<
_/Promise-backend.js 932 Handler.prototype.process
_/Promise-backend.js 813 this.PromiseWalker.walkerLoop
_/Promise-backend.js 747 this.PromiseWalker.scheduleWalkerLoop/<

console.trace: 
_fronts/inspector.js 829 WalkerFront<.getMutations</<
_/Promise-backend.js 932 Handler.prototype.process
_/Promise-backend.js 813 this.PromiseWalker.walkerLoop
_/Promise-backend.js 747 this.PromiseWalker.scheduleWalkerLoop/<

console.trace: 
_fronts/inspector.js 829 WalkerFront<.getMutations</<
_/Promise-backend.js 932 Handler.prototype.process
_/Promise-backend.js 813 this.PromiseWalker.walkerLoop
_/Promise-backend.js 747 this.PromiseWalker.scheduleWalkerLoop/<

console.trace: 
_fronts/inspector.js 829 WalkerFront<.getMutations</<
_/Promise-backend.js 932 Handler.prototype.process
_/Promise-backend.js 813 this.PromiseWalker.walkerLoop
_/Promise-backend.js 747 this.PromiseWalker.scheduleWalkerLoop/<

console.trace: 
_fronts/inspector.js 829 WalkerFront<.getMutations</<
_/Promise-backend.js 932 Handler.prototype.process
_/Promise-backend.js 813 this.PromiseWalker.walkerLoop
_/Promise-backend.js 747 this.PromiseWalker.scheduleWalkerLoop/<

console.trace: 
_fronts/inspector.js 829 WalkerFront<.getMutations</<
_/Promise-backend.js 932 Handler.prototype.process
_/Promise-backend.js 813 this.PromiseWalker.walkerLoop
_/Promise-backend.js 747 this.PromiseWalker.scheduleWalkerLoop/<

console.trace: 
_fronts/inspector.js 829 WalkerFront<.getMutations</<
_/Promise-backend.js 932 Handler.prototype.process
_/Promise-backend.js 813 this.PromiseWalker.walkerLoop
_/Promise-backend.js 747 this.PromiseWalker.scheduleWalkerLoop/<

console.trace: 
_fronts/inspector.js 829 WalkerFront<.getMutations</<
_/Promise-backend.js 932 Handler.prototype.process
_/Promise-backend.js 813 this.PromiseWalker.walkerLoop
_/Promise-backend.js 747 this.PromiseWalker.scheduleWalkerLoop/<

console.trace: 
_fronts/inspector.js 829 WalkerFront<.getMutations</<
_/Promise-backend.js 932 Handler.prototype.process
_/Promise-backend.js 813 this.PromiseWalker.walkerLoop
_/Promise-backend.js 747 this.PromiseWalker.scheduleWalkerLoop/<

console.trace: 
_fronts/inspector.js 829 WalkerFront<.getMutations</<
_/Promise-backend.js 932 Handler.prototype.process
_/Promise-backend.js 813 this.PromiseWalker.walkerLoop
_/Promise-backend.js 747 this.PromiseWalker.scheduleWalkerLoop/<

console.trace: 
_fronts/inspector.js 829 WalkerFront<.getMutations</<
_/Promise-backend.js 932 Handler.prototype.process
_/Promise-backend.js 813 this.PromiseWalker.walkerLoop
_/Promise-backend.js 747 this.PromiseWalker.scheduleWalkerLoop/<

console.trace: 
_fronts/inspector.js 829 WalkerFront<.getMutations</<
_/Promise-backend.js 932 Handler.prototype.process
_/Promise-backend.js 813 this.PromiseWalker.walkerLoop
_/Promise-backend.js 747 this.PromiseWalker.scheduleWalkerLoop/<

console.trace: 
_fronts/inspector.js 829 WalkerFront<.getMutations</<
_/Promise-backend.js 932 Handler.prototype.process
_/Promise-backend.js 813 this.PromiseWalker.walkerLoop
_/Promise-backend.js 747 this.PromiseWalker.scheduleWalkerLoop/<

console.trace: 
_fronts/inspector.js 829 WalkerFront<.getMutations</<
_/Promise-backend.js 932 Handler.prototype.process
_/Promise-backend.js 813 this.PromiseWalker.walkerLoop
_/Promise-backend.js 747 this.PromiseWalker.scheduleWalkerLoop/<

console.trace: 
_fronts/inspector.js 829 WalkerFront<.getMutations</<
_/Promise-backend.js 932 Handler.prototype.process
_/Promise-backend.js 813 this.PromiseWalker.walkerLoop
_/Promise-backend.js 747 this.PromiseWalker.scheduleWalkerLoop/<

console.trace: 
_fronts/inspector.js 829 WalkerFront<.getMutations</<
_/Promise-backend.js 932 Handler.prototype.process
_/Promise-backend.js 813 this.PromiseWalker.walkerLoop
_/Promise-backend.js 747 this.PromiseWalker.scheduleWalkerLoop/<

console.trace: 
_fronts/inspector.js 829 WalkerFront<.getMutations</<
_/Promise-backend.js 932 Handler.prototype.process
_/Promise-backend.js 813 this.PromiseWalker.walkerLoop
_/Promise-backend.js 747 this.PromiseWalker.scheduleWalkerLoop/<

console.trace: 
_fronts/inspector.js 829 WalkerFront<.getMutations</<
_/Promise-backend.js 932 Handler.prototype.process
_/Promise-backend.js 813 this.PromiseWalker.walkerLoop
_/Promise-backend.js 747 this.PromiseWalker.scheduleWalkerLoop/<

console.trace: 
_fronts/inspector.js 829 WalkerFront<.getMutations</<
_/Promise-backend.js 932 Handler.prototype.process
_/Promise-backend.js 813 this.PromiseWalker.walkerLoop
_/Promise-backend.js 747 this.PromiseWalker.scheduleWalkerLoop/<

console.trace: 
_fronts/inspector.js 829 WalkerFront<.getMutations</<
_/Promise-backend.js 932 Handler.prototype.process
_/Promise-backend.js 813 this.PromiseWalker.walkerLoop
_/Promise-backend.js 747 this.PromiseWalker.scheduleWalkerLoop/<

console.trace: 
_fronts/inspector.js 829 WalkerFront<.getMutations</<
_/Promise-backend.js 932 Handler.prototype.process
_/Promise-backend.js 813 this.PromiseWalker.walkerLoop
_/Promise-backend.js 747 this.PromiseWalker.scheduleWalkerLoop/<

console.trace: 
_fronts/inspector.js 829 WalkerFront<.getMutations</<
_/Promise-backend.js 932 Handler.prototype.process
_/Promise-backend.js 813 this.PromiseWalker.walkerLoop
_/Promise-backend.js 747 this.PromiseWalker.scheduleWalkerLoop/<

console.trace: 
_fronts/inspector.js 829 WalkerFront<.getMutations</<
_/Promise-backend.js 932 Handler.prototype.process
_/Promise-backend.js 813 this.PromiseWalker.walkerLoop
_/Promise-backend.js 747 this.PromiseWalker.scheduleWalkerLoop/<

console.trace: 
_fronts/inspector.js 829 WalkerFront<.getMutations</<
_/Promise-backend.js 932 Handler.prototype.process
_/Promise-backend.js 813 this.PromiseWalker.walkerLoop
_/Promise-backend.js 747 this.PromiseWalker.scheduleWalkerLoop/<

console.trace: 
_fronts/inspector.js 829 WalkerFront<.getMutations</<
_/Promise-backend.js 932 Handler.prototype.process
_/Promise-backend.js 813 this.PromiseWalker.walkerLoop
_/Promise-backend.js 747 this.PromiseWalker.scheduleWalkerLoop/<

console.trace: 
_fronts/inspector.js 829 WalkerFront<.getMutations</<
_/Promise-backend.js 932 Handler.prototype.process
_/Promise-backend.js 813 this.PromiseWalker.walkerLoop
_/Promise-backend.js 747 this.PromiseWalker.scheduleWalkerLoop/<

console.trace: 
_fronts/inspector.js 829 WalkerFront<.getMutations</<
_/Promise-backend.js 932 Handler.prototype.process
_/Promise-backend.js 813 this.PromiseWalker.walkerLoop
_/Promise-backend.js 747 this.PromiseWalker.scheduleWalkerLoop/<

console.trace: 
_fronts/inspector.js 829 WalkerFront<.getMutations</<
_/Promise-backend.js 932 Handler.prototype.process
_/Promise-backend.js 813 this.PromiseWalker.walkerLoop
_/Promise-backend.js 747 this.PromiseWalker.scheduleWalkerLoop/<

console.trace: 
_fronts/inspector.js 829 WalkerFront<.getMutations</<
_/Promise-backend.js 932 Handler.prototype.process
_/Promise-backend.js 813 this.PromiseWalker.walkerLoop
_/Promise-backend.js 747 this.PromiseWalker.scheduleWalkerLoop/<

console.trace: 
_fronts/inspector.js 829 WalkerFront<.getMutations</<
_/Promise-backend.js 932 Handler.prototype.process
_/Promise-backend.js 813 this.PromiseWalker.walkerLoop
_/Promise-backend.js 747 this.PromiseWalker.scheduleWalkerLoop/<

console.trace: 
_fronts/inspector.js 829 WalkerFront<.getMutations</<
_/Promise-backend.js 932 Handler.prototype.process
_/Promise-backend.js 813 this.PromiseWalker.walkerLoop
_/Promise-backend.js 747 this.PromiseWalker.scheduleWalkerLoop/<

console.trace: 
_fronts/inspector.js 829 WalkerFront<.getMutations</<
_/Promise-backend.js 932 Handler.prototype.process
_/Promise-backend.js 813 this.PromiseWalker.walkerLoop
_/Promise-backend.js 747 this.PromiseWalker.scheduleWalkerLoop/<

console.trace: 
_fronts/inspector.js 829 WalkerFront<.getMutations</<
_/Promise-backend.js 932 Handler.prototype.process
_/Promise-backend.js 813 this.PromiseWalker.walkerLoop
_/Promise-backend.js 747 this.PromiseWalker.scheduleWalkerLoop/<

console.trace: 
_fronts/inspector.js 829 WalkerFront<.getMutations</<
_/Promise-backend.js 932 Handler.prototype.process
_/Promise-backend.js 813 this.PromiseWalker.walkerLoop
_/Promise-backend.js 747 this.PromiseWalker.scheduleWalkerLoop/<

console.trace: 
_fronts/inspector.js 829 WalkerFront<.getMutations</<
_/Promise-backend.js 932 Handler.prototype.process
_/Promise-backend.js 813 this.PromiseWalker.walkerLoop
_/Promise-backend.js 747 this.PromiseWalker.scheduleWalkerLoop/<

console.trace: 
_fronts/inspector.js 829 WalkerFront<.getMutations</<
_/Promise-backend.js 932 Handler.prototype.process
_/Promise-backend.js 813 this.PromiseWalker.walkerLoop
_/Promise-backend.js 747 this.PromiseWalker.scheduleWalkerLoop/<

console.trace: 
_fronts/inspector.js 829 WalkerFront<.getMutations</<
_/Promise-backend.js 932 Handler.prototype.process
_/Promise-backend.js 813 this.PromiseWalker.walkerLoop
_/Promise-backend.js 747 this.PromiseWalker.scheduleWalkerLoop/<

console.trace: 
_fronts/inspector.js 829 WalkerFront<.getMutations</<
_/Promise-backend.js 932 Handler.prototype.process
_/Promise-backend.js 813 this.PromiseWalker.walkerLoop
_/Promise-backend.js 747 this.PromiseWalker.scheduleWalkerLoop/<

