1491467393823	geckodriver	INFO	Listening on 127.0.0.1:65304
1491467395891	mozprofile::profile	INFO	Using profile path C:\Users\zhengsen\AppData\Local\Temp\rust_mozprofile.rfWAIo1K0ShP
1491467395893	geckodriver::marionette	INFO	Starting browser C:\Program Files\Mozilla Firefox\firefox.exe with args []
1491467395901	geckodriver::marionette	INFO	Connecting to Marionette on localhost:65311
1491467396425	Marionette	INFO	Listening on port 65311
1491467396940	Marionette	WARN	TLS certificate errors will be ignored for this session
JavaScript warning: http://192.168.1.1/lib/js/common.js, line 1096: unreachable code after return statement
JavaScript warning: http://192.168.1.1/lib/js/common.js, line 1096: unreachable code after return statement
JavaScript warning: http://192.168.1.1/lib/js/common.js, line 1096: unreachable code after return statement
JavaScript warning: http://192.168.1.1/lib/js/menuTree.js, line 144: unreachable code after return statement
JavaScript warning: http://192.168.1.1/lib/js/menuTree.js, line 258: unreachable code after return statement
JavaScript warning: http://192.168.1.1/lib/js/common.js, line 1096: unreachable code after return statement
JavaScript warning: http://192.168.1.1/lib/js/menuTree.js, line 258: unreachable code after return statement
JavaScript warning: http://192.168.1.1/lib/js/common.js, line 1096: unreachable code after return statement
JavaScript warning: http://192.168.1.1/lib/js/common.js, line 1096: unreachable code after return statement
[Child 7956] WARNING: pipe error: 109: file c:/builds/moz2_slave/m-rel-w32-00000000000000000000/build/src/ipc/chromium/src/chrome/common/ipc_channel_win.cc, line 345
[Child 7956] WARNING: pipe error: 109: file c:/builds/moz2_slave/m-rel-w32-00000000000000000000/build/src/ipc/chromium/src/chrome/common/ipc_channel_win.cc, line 345
1491467403785	geckodriver::marionette	ERROR	Failed to kill browser process
de after return statement
JavaScript warning: http://192.168.1.1/lib/js/common.js, line 1096: unreachable code after return statement
JavaScript warning: http://192.168.1.1/lib/js/common.js, line 1096: unreachable code after return statement
[Child 5572] WARNING: pipe error: 109: file c:/builds/moz2_slave/m-rel-w32-00000000000000000000/build/src/ipc/chromium/src/chrome/common/ipc_channel_win.cc, line 345
[Child 5572] WARNING: pipe error: 109: file c:/builds/moz2_slave/m-rel-w32-00000000000000000000/build/src/ipc/chromium/src/chrome/common/ipc_channel_win.cc, line 345
1491360042519	geckodriver::marionette	ERROR	Failed to kill browser process
Tree.js, line 258: unreachable code after return statement
JavaScript warning: http://192.168.1.1/lib/js/common.js, line 1096: unreachable code after return statement
JavaScript warning: http://192.168.1.1/lib/js/menuTree.js, line 258: unreachable code after return statement
JavaScript warning: http://192.168.1.1/lib/js/common.js, line 1096: unreachable code after return statement
JavaScript warning: http://192.168.1.1/lib/js/common.js, line 1096: unreachable code after return statement
JavaScript warning: http://192.168.1.1/lib/js/common.js, line 1096: unreachable code after return statement
JavaScript warning: http://192.168.1.1/lib/js/common.js, line 1096: unreachable code after return statement
JavaScript warning: http://192.168.1.1/lib/js/common.js, line 1096: unreachable code after return statement
JavaScript warning: http://192.168.1.1/lib/js/common.js, line 1096: unreachable code after return statement
JavaScript warning: http://192.168.1.1/lib/js/common.js, line 1096: unreachable code after return statement
JavaScript warning: http://192.168.1.1/lib/js/common.js, line 1096: unreachable code after return statement
JavaScript warning: http://192.168.1.1/lib/js/common.js, line 1096: unreachable code after return statement
JavaScript warning: http://192.168.1.1/lib/js/menuTree.js, line 144: unreachable code after return statement
JavaScript warning: http://192.168.1.1/lib/js/menuTree.js, line 258: unreachable code after return statement
JavaScript warning: http://192.168.1.1/lib/js/common.js, line 1096: unreachable code after return statement
JavaScript warning: http://192.168.1.1/lib/js/menuTree.js, line 258: unreachable code after return statement
JavaScript warning: http://192.168.1.1/lib/js/common.js, line 1096: unreachable code after return statement
JavaScript warning: http://192.168.1.1/lib/js/common.js, line 1096: unreachable code after return statement
JavaScript warning: http://192.168.1.1/lib/js/common.js, line 1096: unreachable code after return statement
JavaScript warning: http://192.168.1.1/lib/js/common.js, line 1096: unreachable code after return statement
JavaScript warning: http://192.168.1.1/lib/js/common.js, line 1096: unreachable code after return statement
JavaScript warning: http://192.168.1.1/lib/js/common.js, line 1096: unreachable code after return statement
JavaScript warning: http://192.168.1.1/lib/js/common.js, line 1096: unreachable code after return statement
JavaScript warning: http://192.168.1.1/lib/js/menuTree.js, line 144: unreachable code after return statement
JavaScript warning: http://192.168.1.1/lib/js/menuTree.js, line 258: unreachable code after return statement
JavaScript warning: http://192.168.1.1/lib/js/common.js, line 1096: unreachable code after return statement
JavaScript warning: http://192.168.1.1/lib/js/menuTree.js, line 258: unreachable code after return statement
JavaScript warning: http://192.168.1.1/lib/js/common.js, line 1096: unreachable code after return statement
JavaScript warning: http://192.168.1.1/lib/js/common.js, line 1096: unreachable code after return statement
JavaScript warning: http://192.168.1.1/lib/js/common.js, line 1096: unreachable code after return statement
JavaScript warning: http://192.168.1.1/lib/js/common.js, line 1096: unreachable code after return statement
JavaScript warning: http://192.168.1.1/lib/js/common.js, line 1096: unreachable code after return statement
JavaScript warning: http://192.168.1.1/lib/js/common.js, line 1096: unreachable code after return statement
JavaScript error: http://192.168.1.1/lib/js/diag_ping.js, line 213: ReferenceError: event is not defined
JavaScript error: http://192.168.1.1/lib/js/diag_ping.js, line 213: ReferenceError: event is not defined
JavaScript error: http://192.168.1.1/lib/js/diag_ping.js, line 213: ReferenceError: event is not defined
JavaScript error: http://192.168.1.1/lib/js/diag_ping.js, line 213: ReferenceError: event is not defined
JavaScript error: http://192.168.1.1/lib/js/diag_ping.js, line 213: ReferenceError: event is not defined
JavaScript error: http://192.168.1.1/lib/js/diag_ping.js, line 213: ReferenceError: event is not defined
JavaScript error: http://192.168.1.1/lib/js/diag_ping.js, line 213: ReferenceError: event is not defined
JavaScript error: http://192.168.1.1/lib/js/diag_ping.js, line 213: ReferenceError: event is not defined
JavaScript error: http://192.168.1.1/lib/js/diag_ping.js, line 213: ReferenceError: event is not defined
JavaScript error: http://192.168.1.1/lib/js/diag_ping.js, line 213: ReferenceError: event is not defined
JavaScript error: http://192.168.1.1/lib/js/diag_ping.js, line 213: ReferenceError: event is not defined
JavaScript error: http://192.168.1.1/lib/js/diag_ping.js, line 213: ReferenceError: event is not defined
JavaScript error: http://192.168.1.1/lib/js/diag_ping.js, line 213: ReferenceError: event is not defined
1490954440687	addons.productaddons	WARN	Failed downloading XML, status: 0, reason: error
[Child 12580] WARNING: pipe error: 109: file c:/builds/moz2_slave/m-rel-w32-00000000000000000000/build/src/ipc/chromium/src/chrome/common/ipc_channel_win.cc, line 345
[Child 12580] WARNING: pipe error: 109: file c:/builds/moz2_slave/m-rel-w32-00000000000000000000/build/src/ipc/chromium/src/chrome/common/ipc_channel_win.cc, line 345
rLoop/<@resource://gre/modules/Promise.jsm -> resource://gre/modules/Promise-backend.js:747:11

  Stack:
    Front<.destroy@resource://gre/modules/commonjs/toolkit/loader.js -> resource://devtools/shared/protocol.js:1172:23
StyleSheetFront<.destroy@resource://gre/modules/commonjs/toolkit/loader.js -> resource://devtools/shared/fronts/stylesheets.js:109:5
Pool<.destroy@resource://gre/modules/commonjs/toolkit/loader.js -> resource://devtools/shared/protocol.js:819:9
Front<.destroy@resource://gre/modules/commonjs/toolkit/loader.js -> resource://devtools/shared/protocol.js:1174:5
PageStyleFront<.destroy@resource://gre/modules/commonjs/toolkit/loader.js -> resource://devtools/shared/fronts/styles.js:40:5
Pool<.destroy@resource://gre/modules/commonjs/toolkit/loader.js -> resource://devtools/shared/protocol.js:819:9
Front<.destroy@resource://gre/modules/commonjs/toolkit/loader.js -> resource://devtools/shared/protocol.js:1174:5
InspectorFront<.destroy@resource://gre/modules/commonjs/toolkit/loader.js -> resource://devtools/shared/fronts/inspector.js:963:5
Toolbox.prototype.destroyInspector/this._destroyingInspector<@resource://gre/modules/commonjs/toolkit/loader.js -> resource://devtools/client/framework/toolbox.js:2047:13
TaskImpl.prototype._run@resource://gre/modules/commonjs/toolkit/loader.js -> resource://devtools/shared/task.js:311:39
Handler.prototype.process@resource://gre/modules/Promise.jsm -> resource://gre/modules/Promise-backend.js:932:23
this.PromiseWalker.walkerLoop@resource://gre/modules/Promise.jsm -> resource://gre/modules/Promise-backend.js:813:7
this.PromiseWalker.scheduleWalkerLoop/<@resource://gre/modules/Promise.jsm -> resource://gre/modules/Promise-backend.js:747:11

JavaScript error: http://i.g-fox.cn/rd29.html?engine=baidu_web&q=ka, line 7: TypeError: Window.location is not an object.
[Child 1248] WARNING: pipe error: 109: file c:/builds/moz2_slave/m-rel-w32-00000000000000000000/build/src/ipc/chromium/src/chrome/common/ipc_channel_win.cc, line 345
ocess
_/Promise-backend.js 813 this.PromiseWalker.walkerLoop
_/Promise-backend.js 747 this.PromiseWalker.scheduleWalkerLoop/<

console.trace: 
_fronts/inspector.js 829 WalkerFront<.getMutations</<
_/Promise-backend.js 932 Handler.prototype.process
_/Promise-backend.js 813 this.PromiseWalker.walkerLoop
_/Promise-backend.js 747 this.PromiseWalker.scheduleWalkerLoop/<

console.trace: 
_fronts/inspector.js 829 WalkerFront<.getMutations</<
_/Promise-backend.js 932 Handler.prototype.process
_/Promise-backend.js 813 this.PromiseWalker.walkerLoop
_/Promise-backend.js 747 this.PromiseWalker.scheduleWalkerLoop/<

console.trace: 
_fronts/inspector.js 829 WalkerFront<.getMutations</<
_/Promise-backend.js 932 Handler.prototype.process
_/Promise-backend.js 813 this.PromiseWalker.walkerLoop
_/Promise-backend.js 747 this.PromiseWalker.scheduleWalkerLoop/<

console.trace: 
_fronts/inspector.js 829 WalkerFront<.getMutations</<
_/Promise-backend.js 932 Handler.prototype.process
_/Promise-backend.js 813 this.PromiseWalker.walkerLoop
_/Promise-backend.js 747 this.PromiseWalker.scheduleWalkerLoop/<

console.trace: 
_fronts/inspector.js 829 WalkerFront<.getMutations</<
_/Promise-backend.js 932 Handler.prototype.process
_/Promise-backend.js 813 this.PromiseWalker.walkerLoop
_/Promise-backend.js 747 this.PromiseWalker.scheduleWalkerLoop/<

console.trace: 
_fronts/inspector.js 829 WalkerFront<.getMutations</<
_/Promise-backend.js 932 Handler.prototype.process
_/Promise-backend.js 813 this.PromiseWalker.walkerLoop
_/Promise-backend.js 747 this.PromiseWalker.scheduleWalkerLoop/<

console.trace: 
_fronts/inspector.js 829 WalkerFront<.getMutations</<
_/Promise-backend.js 932 Handler.prototype.process
_/Promise-backend.js 813 this.PromiseWalker.walkerLoop
_/Promise-backend.js 747 this.PromiseWalker.scheduleWalkerLoop/<

console.trace: 
_fronts/inspector.js 829 WalkerFront<.getMutations</<
_/Promise-backend.js 932 Handler.prototype.process
_/Promise-backend.js 813 this.PromiseWalker.walkerLoop
_/Promise-backend.js 747 this.PromiseWalker.scheduleWalkerLoop/<

JavaScript warning: http://192.168.1.1/lib/js/common.js, line 1096: unreachable code after return statement
console.trace: 
_fronts/inspector.js 829 WalkerFront<.getMutations</<
_/Promise-backend.js 932 Handler.prototype.process
_/Promise-backend.js 813 this.PromiseWalker.walkerLoop
_/Promise-backend.js 747 this.PromiseWalker.scheduleWalkerLoop/<

console.trace: 
_fronts/inspector.js 829 WalkerFront<.getMutations</<
_/Promise-backend.js 932 Handler.prototype.process
_/Promise-backend.js 813 this.PromiseWalker.walkerLoop
_/Promise-backend.js 747 this.PromiseWalker.scheduleWalkerLoop/<

JavaScript warning: http://192.168.1.1/lib/js/common.js, line 1096: unreachable code after return statement
JavaScript warning: http://192.168.1.1/lib/js/common.js, line 1096: unreachable code after return statement
console.trace: 
_fronts/inspector.js 829 WalkerFront<.getMutations</<
_/Promise-backend.js 932 Handler.prototype.process
_/Promise-backend.js 813 this.PromiseWalker.walkerLoop
_/Promise-backend.js 747 this.PromiseWalker.scheduleWalkerLoop/<

console.trace: 
_fronts/inspector.js 829 WalkerFront<.getMutations</<
_/Promise-backend.js 932 Handler.prototype.process
_/Promise-backend.js 813 this.PromiseWalker.walkerLoop
_/Promise-backend.js 747 this.PromiseWalker.scheduleWalkerLoop/<

console.trace: 
_fronts/inspector.js 829 WalkerFront<.getMutations</<
_/Promise-backend.js 932 Handler.prototype.process
_/Promise-backend.js 813 this.PromiseWalker.walkerLoop
_/Promise-backend.js 747 this.PromiseWalker.scheduleWalkerLoop/<

console.trace: 
_fronts/inspector.js 829 WalkerFront<.getMutations</<
_/Promise-backend.js 932 Handler.prototype.process
_/Promise-backend.js 813 this.PromiseWalker.walkerLoop
_/Promise-backend.js 747 this.PromiseWalker.scheduleWalkerLoop/<

JavaScript warning: http://192.168.1.1/lib/js/common.js, line 1096: unreachable code after return statement
Promise-backend.js 932 Handler.prototype.process
_/Promise-backend.js 813 this.PromiseWalker.walkerLoop
_/Promise-backend.js 747 this.PromiseWalker.scheduleWalkerLoop/<

console.trace: 
_fronts/inspector.js 829 WalkerFront<.getMutations</<
_/Promise-backend.js 932 Handler.prototype.process
_/Promise-backend.js 813 this.PromiseWalker.walkerLoop
_/Promise-backend.js 747 this.PromiseWalker.scheduleWalkerLoop/<

console.trace: 
_fronts/inspector.js 829 WalkerFront<.getMutations</<
_/Promise-backend.js 932 Handler.prototype.process
_/Promise-backend.js 813 this.PromiseWalker.walkerLoop
_/Promise-backend.js 747 this.PromiseWalker.scheduleWalkerLoop/<

JavaScript warning: http://192.168.1.1/lib/js/common.js, line 1096: unreachable code after return statement
JavaScript warning: http://192.168.1.1/lib/js/common.js, line 1096: unreachable code after return statement
console.trace: 
_fronts/inspector.js 829 WalkerFront<.getMutations</<
_/Promise-backend.js 932 Handler.prototype.process
_/Promise-backend.js 813 this.PromiseWalker.walkerLoop
_/Promise-backend.js 747 this.PromiseWalker.scheduleWalkerLoop/<

console.trace: 
_fronts/inspector.js 829 WalkerFront<.getMutations</<
_/Promise-backend.js 932 Handler.prototype.process
_/Promise-backend.js 813 this.PromiseWalker.walkerLoop
_/Promise-backend.js 747 this.PromiseWalker.scheduleWalkerLoop/<

console.trace: 
_fronts/inspector.js 829 WalkerFront<.getMutations</<
_/Promise-backend.js 932 Handler.prototype.process
_/Promise-backend.js 813 this.PromiseWalker.walkerLoop
_/Promise-backend.js 747 this.PromiseWalker.scheduleWalkerLoop/<

console.trace: 
_fronts/inspector.js 829 WalkerFront<.getMutations</<
_/Promise-backend.js 932 Handler.prototype.process
_/Promise-backend.js 813 this.PromiseWalker.walkerLoop
_/Promise-backend.js 747 this.PromiseWalker.scheduleWalkerLoop/<

console.trace: 
_fronts/inspector.js 829 WalkerFront<.getMutations</<
_/Promise-backend.js 932 Handler.prototype.process
_/Promise-backend.js 813 this.PromiseWalker.walkerLoop
_/Promise-backend.js 747 this.PromiseWalker.scheduleWalkerLoop/<

console.trace: 
_fronts/inspector.js 829 WalkerFront<.getMutations</<
_/Promise-backend.js 932 Handler.prototype.process
_/Promise-backend.js 813 this.PromiseWalker.walkerLoop
_/Promise-backend.js 747 this.PromiseWalker.scheduleWalkerLoop/<

console.trace: 
_fronts/inspector.js 829 WalkerFront<.getMutations</<
_/Promise-backend.js 932 Handler.prototype.process
_/Promise-backend.js 813 this.PromiseWalker.walkerLoop
_/Promise-backend.js 747 this.PromiseWalker.scheduleWalkerLoop/<

console.trace: 
_fronts/inspector.js 829 WalkerFront<.getMutations</<
_/Promise-backend.js 932 Handler.prototype.process
_/Promise-backend.js 813 this.PromiseWalker.walkerLoop
_/Promise-backend.js 747 this.PromiseWalker.scheduleWalkerLoop/<

JavaScript warning: http://192.168.1.1/lib/js/common.js, line 1096: unreachable code after return statement
JavaScript warning: http://192.168.1.1/lib/js/common.js, line 1096: unreachable code after return statement
console.trace: 
_fronts/inspector.js 829 WalkerFront<.getMutations</<
_/Promise-backend.js 932 Handler.prototype.process
_/Promise-backend.js 813 this.PromiseWalker.walkerLoop
_/Promise-backend.js 747 this.PromiseWalker.scheduleWalkerLoop/<

console.trace: 
_fronts/inspector.js 829 WalkerFront<.getMutations</<
_/Promise-backend.js 932 Handler.prototype.process
_/Promise-backend.js 813 this.PromiseWalker.walkerLoop
_/Promise-backend.js 747 this.PromiseWalker.scheduleWalkerLoop/<

console.trace: 
_fronts/inspector.js 829 WalkerFront<.getMutations</<
_/Promise-backend.js 932 Handler.prototype.process
_/Promise-backend.js 813 this.PromiseWalker.walkerLoop
_/Promise-backend.js 747 this.PromiseWalker.scheduleWalkerLoop/<

console.trace: 
_fronts/inspector.js 829 WalkerFront<.getMutations</<
_/Promise-backend.js 932 Handler.prototype.process
_/Promise-backend.js 813 this.PromiseWalker.walkerLoop
_/Promise-backend.js 747 this.PromiseWalker.scheduleWalkerLoop/<

console.trace: 
_fronts/inspector.js 829 WalkerFront<.getMutations</<
_/Promise-backend.js 932 Handler.prototype.process
_/Promise-backend.js 813 this.PromiseWalker.walkerLoop
_/Promise-backend.js 747 this.PromiseWalker.scheduleWalkerLoop/<

console.trace: 
_fronts/inspector.js 829 WalkerFront<.getMutations</<
_/Promise-backend.js 932 Handler.prototype.process
_/Promise-backend.js 813 this.PromiseWalker.walkerLoop
_/Promise-backend.js 747 this.PromiseWalker.scheduleWalkerLoop/<

console.trace: 
_fronts/inspector.js 829 WalkerFront<.getMutations</<
_/Promise-backend.js 932 Handler.prototype.process
_/Promise-backend.js 813 this.PromiseWalker.walkerLoop
_/Promise-backend.js 747 this.PromiseWalker.scheduleWalkerLoop/<

console.trace: 
_fronts/inspector.js 829 WalkerFront<.getMutations</<
_/Promise-backend.js 932 Handler.prototype.process
_/Promise-backend.js 813 this.PromiseWalker.walkerLoop
_/Promise-backend.js 747 this.PromiseWalker.scheduleWalkerLoop/<

JavaScript warning: http://192.168.1.1/lib/js/common.js, line 1096: unreachable code after return statement
JavaScript warning: http://192.168.1.1/lib/js/common.js, line 1096: unreachable code after return statement
console.trace: 
_fronts/inspector.js 829 WalkerFront<.getMutations</<
_/Promise-backend.js 932 Handler.prototype.process
_/Promise-backend.js 813 this.PromiseWalker.walkerLoop
_/Promise-backend.js 747 this.PromiseWalker.scheduleWalkerLoop/<

console.trace: 
_fronts/inspector.js 829 WalkerFront<.getMutations</<
_/Promise-backend.js 932 Handler.prototype.process
_/Promise-backend.js 813 this.PromiseWalker.walkerLoop
_/Promise-backend.js 747 this.PromiseWalker.scheduleWalkerLoop/<

console.trace: 
_fronts/inspector.js 829 WalkerFront<.getMutations</<
_/Promise-backend.js 932 Handler.prototype.process
_/Promise-backend.js 813 this.PromiseWalker.walkerLoop
_/Promise-backend.js 747 this.PromiseWalker.scheduleWalkerLoop/<

console.trace: 
_fronts/inspector.js 829 WalkerFront<.getMutations</<
_/Promise-backend.js 932 Handler.prototype.process
_/Promise-backend.js 813 this.PromiseWalker.walkerLoop
_/Promise-backend.js 747 this.PromiseWalker.scheduleWalkerLoop/<

console.trace: 
_fronts/inspector.js 829 WalkerFront<.getMutations</<
_/Promise-backend.js 932 Handler.prototype.process
_/Promise-backend.js 813 this.PromiseWalker.walkerLoop
_/Promise-backend.js 747 this.PromiseWalker.scheduleWalkerLoop/<

console.trace: 
_fronts/inspector.js 829 WalkerFront<.getMutations</<
_/Promise-backend.js 932 Handler.prototype.process
_/Promise-backend.js 813 this.PromiseWalker.walkerLoop
_/Promise-backend.js 747 this.PromiseWalker.scheduleWalkerLoop/<

console.trace: 
_fronts/inspector.js 829 WalkerFront<.getMutations</<
_/Promise-backend.js 932 Handler.prototype.process
_/Promise-backend.js 813 this.PromiseWalker.walkerLoop
_/Promise-backend.js 747 this.PromiseWalker.scheduleWalkerLoop/<

console.trace: 
_fronts/inspector.js 829 WalkerFront<.getMutations</<
_/Promise-backend.js 932 Handler.prototype.process
_/Promise-backend.js 813 this.PromiseWalker.walkerLoop
_/Promise-backend.js 747 this.PromiseWalker.scheduleWalkerLoop/<

console.trace: 
_fronts/inspector.js 829 WalkerFront<.getMutations</<
_/Promise-backend.js 932 Handler.prototype.process
_/Promise-backend.js 813 this.PromiseWalker.walkerLoop
_/Promise-backend.js 747 this.PromiseWalker.scheduleWalkerLoop/<

JavaScript warning: http://192.168.1.1/lib/js/common.js, line 1096: unreachable code after return statement
JavaScript warning: http://192.168.1.1/lib/js/common.js, line 1096: unreachable code after return statement
console.trace: 
_fronts/inspector.js 829 WalkerFront<.getMutations</<
_/Promise-backend.js 932 Handler.prototype.process
_/Promise-backend.js 813 this.PromiseWalker.walkerLoop
_/Promise-backend.js 747 this.PromiseWalker.scheduleWalkerLoop/<

console.trace: 
_fronts/inspector.js 829 WalkerFront<.getMutations</<
_/Promise-backend.js 932 Handler.prototype.process
_/Promise-backend.js 813 this.PromiseWalker.walkerLoop
_/Promise-backend.js 747 this.PromiseWalker.scheduleWalkerLoop/<

console.trace: 
_fronts/inspector.js 829 WalkerFront<.getMutations</<
_/Promise-backend.js 932 Handler.prototype.process
_/Promise-backend.js 813 this.PromiseWalker.walkerLoop
_/Promise-backend.js 747 this.PromiseWalker.scheduleWalkerLoop/<

console.trace: 
_fronts/inspector.js 829 WalkerFront<.getMutations</<
_/Promise-backend.js 932 Handler.prototype.process
_/Promise-backend.js 813 this.PromiseWalker.walkerLoop
_/Promise-backend.js 747 this.PromiseWalker.scheduleWalkerLoop/<

console.trace: 
_fronts/inspector.js 829 WalkerFront<.getMutations</<
_/Promise-backend.js 932 Handler.prototype.process
_/Promise-backend.js 813 this.PromiseWalker.walkerLoop
_/Promise-backend.js 747 this.PromiseWalker.scheduleWalkerLoop/<

console.trace: 
_fronts/inspector.js 829 WalkerFront<.getMutations</<
_/Promise-backend.js 932 Handler.prototype.process
_/Promise-backend.js 813 this.PromiseWalker.walkerLoop
_/Promise-backend.js 747 this.PromiseWalker.scheduleWalkerLoop/<

console.trace: 
_fronts/inspector.js 829 WalkerFront<.getMutations</<
_/Promise-backend.js 932 Handler.prototype.process
_/Promise-backend.js 813 this.PromiseWalker.walkerLoop
_/Promise-backend.js 747 this.PromiseWalker.scheduleWalkerLoop/<

console.trace: 
_fronts/inspector.js 829 WalkerFront<.getMutations</<
_/Promise-backend.js 932 Handler.prototype.process
_/Promise-backend.js 813 this.PromiseWalker.walkerLoop
_/Promise-backend.js 747 this.PromiseWalker.scheduleWalkerLoop/<

console.trace: 
_fronts/inspector.js 829 WalkerFront<.getMutations</<
_/Promise-backend.js 932 Handler.prototype.process
_/Promise-backend.js 813 this.PromiseWalker.walkerLoop
_/Promise-backend.js 747 this.PromiseWalker.scheduleWalkerLoop/<

JavaScript warning: http://192.168.1.1/lib/js/common.js, line 1096: unreachable code after return statement
JavaScript warning: http://192.168.1.1/lib/js/common.js, line 1096: unreachable code after return statement
console.trace: 
_fronts/inspector.js 829 WalkerFront<.getMutations</<
_/Promise-backend.js 932 Handler.prototype.process
_/Promise-backend.js 813 this.PromiseWalker.walkerLoop
_/Promise-backend.js 747 this.PromiseWalker.scheduleWalkerLoop/<

console.trace: 
_fronts/inspector.js 829 WalkerFront<.getMutations</<
_/Promise-backend.js 932 Handler.prototype.process
_/Promise-backend.js 813 this.PromiseWalker.walkerLoop
_/Promise-backend.js 747 this.PromiseWalker.scheduleWalkerLoop/<

console.trace: 
_fronts/inspector.js 829 WalkerFront<.getMutations</<
_/Promise-backend.js 932 Handler.prototype.process
_/Promise-backend.js 813 this.PromiseWalker.walkerLoop
_/Promise-backend.js 747 this.PromiseWalker.scheduleWalkerLoop/<

console.trace: 
_fronts/inspector.js 829 WalkerFront<.getMutations</<
_/Promise-backend.js 932 Handler.prototype.process
_/Promise-backend.js 813 this.PromiseWalker.walkerLoop
_/Promise-backend.js 747 this.PromiseWalker.scheduleWalkerLoop/<

console.trace: 
_fronts/inspector.js 829 WalkerFront<.getMutations</<
_/Promise-backend.js 932 Handler.prototype.process
_/Promise-backend.js 813 this.PromiseWalker.walkerLoop
_/Promise-backend.js 747 this.PromiseWalker.scheduleWalkerLoop/<

console.trace: 
_fronts/inspector.js 829 WalkerFront<.getMutations</<
_/Promise-backend.js 932 Handler.prototype.process
_/Promise-backend.js 813 this.PromiseWalker.walkerLoop
_/Promise-backend.js 747 this.PromiseWalker.scheduleWalkerLoop/<

console.trace: 
_fronts/inspector.js 829 WalkerFront<.getMutations</<
_/Promise-backend.js 932 Handler.prototype.process
_/Promise-backend.js 813 this.PromiseWalker.walkerLoop
_/Promise-backend.js 747 this.PromiseWalker.scheduleWalkerLoop/<

console.trace: 
_fronts/inspector.js 829 WalkerFront<.getMutations</<
_/Promise-backend.js 932 Handler.prototype.process
_/Promise-backend.js 813 this.PromiseWalker.walkerLoop
_/Promise-backend.js 747 this.PromiseWalker.scheduleWalkerLoop/<

console.trace: 
_fronts/inspector.js 829 WalkerFront<.getMutations</<
_/Promise-backend.js 932 Handler.prototype.process
_/Promise-backend.js 813 this.PromiseWalker.walkerLoop
_/Promise-backend.js 747 this.PromiseWalker.scheduleWalkerLoop/<

console.trace: 
_fronts/inspector.js 829 WalkerFront<.getMutations</<
_/Promise-backend.js 932 Handler.prototype.process
_/Promise-backend.js 813 this.PromiseWalker.walkerLoop
_/Promise-backend.js 747 this.PromiseWalker.scheduleWalkerLoop/<

JavaScript warning: http://192.168.1.1/lib/js/common.js, line 1096: unreachable code after return statement
JavaScript warning: http://192.168.1.1/lib/js/common.js, line 1096: unreachable code after return statement
console.trace: 
_fronts/inspector.js 829 WalkerFront<.getMutations</<
_/Promise-backend.js 932 Handler.prototype.process
_/Promise-backend.js 813 this.PromiseWalker.walkerLoop
_/Promise-backend.js 747 this.PromiseWalker.scheduleWalkerLoop/<

console.trace: 
_fronts/inspector.js 829 WalkerFront<.getMutations</<
_/Promise-backend.js 932 Handler.prototype.process
_/Promise-backend.js 813 this.PromiseWalker.walkerLoop
_/Promise-backend.js 747 this.PromiseWalker.scheduleWalkerLoop/<

console.trace: 
_fronts/inspector.js 829 WalkerFront<.getMutations</<
_/Promise-backend.js 932 Handler.prototype.process
_/Promise-backend.js 813 this.PromiseWalker.walkerLoop
_/Promise-backend.js 747 this.PromiseWalker.scheduleWalkerLoop/<

console.trace: 
_fronts/inspector.js 829 WalkerFront<.getMutations</<
_/Promise-backend.js 932 Handler.prototype.process
_/Promise-backend.js 813 this.PromiseWalker.walkerLoop
_/Promise-backend.js 747 this.PromiseWalker.scheduleWalkerLoop/<

console.trace: 
_fronts/inspector.js 829 WalkerFront<.getMutations</<
_/Promise-backend.js 932 Handler.prototype.process
_/Promise-backend.js 813 this.PromiseWalker.walkerLoop
_/Promise-backend.js 747 this.PromiseWalker.scheduleWalkerLoop/<

console.trace: 
_fronts/inspector.js 829 WalkerFront<.getMutations</<
_/Promise-backend.js 932 Handler.prototype.process
_/Promise-backend.js 813 this.PromiseWalker.walkerLoop
_/Promise-backend.js 747 this.PromiseWalker.scheduleWalkerLoop/<

console.trace: 
_fronts/inspector.js 829 WalkerFront<.getMutations</<
_/Promise-backend.js 932 Handler.prototype.process
_/Promise-backend.js 813 this.PromiseWalker.walkerLoop
_/Promise-backend.js 747 this.PromiseWalker.scheduleWalkerLoop/<

console.trace: 
_fronts/inspector.js 829 WalkerFront<.getMutations</<
_/Promise-backend.js 932 Handler.prototype.process
_/Promise-backend.js 813 this.PromiseWalker.walkerLoop
_/Promise-backend.js 747 this.PromiseWalker.scheduleWalkerLoop/<

console.trace: 
_fronts/inspector.js 829 WalkerFront<.getMutations</<
_/Promise-backend.js 932 Handler.prototype.process
_/Promise-backend.js 813 this.PromiseWalker.walkerLoop
_/Promise-backend.js 747 this.PromiseWalker.scheduleWalkerLoop/<

console.trace: 
_fronts/inspector.js 829 WalkerFront<.getMutations</<
_/Promise-backend.js 932 Handler.prototype.process
_/Promise-backend.js 813 this.PromiseWalker.walkerLoop
_/Promise-backend.js 747 this.PromiseWalker.scheduleWalkerLoop/<

JavaScript warning: http://192.168.1.1/lib/js/common.js, line 1096: unreachable code after return statement
JavaScript warning: http://192.168.1.1/lib/js/common.js, line 1096: unreachable code after return statement
console.trace: 
_fronts/inspector.js 829 WalkerFront<.getMutations</<
_/Promise-backend.js 932 Handler.prototype.process
_/Promise-backend.js 813 this.PromiseWalker.walkerLoop
_/Promise-backend.js 747 this.PromiseWalker.scheduleWalkerLoop/<

console.trace: 
_fronts/inspector.js 829 WalkerFront<.getMutations</<
_/Promise-backend.js 932 Handler.prototype.process
_/Promise-backend.js 813 this.PromiseWalker.walkerLoop
_/Promise-backend.js 747 this.PromiseWalker.scheduleWalkerLoop/<

console.trace: 
_fronts/inspector.js 829 WalkerFront<.getMutations</<
_/Promise-backend.js 932 Handler.prototype.process
_/Promise-backend.js 813 this.PromiseWalker.walkerLoop
_/Promise-backend.js 747 this.PromiseWalker.scheduleWalkerLoop/<

console.trace: 
_fronts/inspector.js 829 WalkerFront<.getMutations</<
_/Promise-backend.js 932 Handler.prototype.process
_/Promise-backend.js 813 this.PromiseWalker.walkerLoop
_/Promise-backend.js 747 this.PromiseWalker.scheduleWalkerLoop/<

console.trace: 
_fronts/inspector.js 829 WalkerFront<.getMutations</<
_/Promise-backend.js 932 Handler.prototype.process
_/Promise-backend.js 813 this.PromiseWalker.walkerLoop
_/Promise-backend.js 747 this.PromiseWalker.scheduleWalkerLoop/<

console.trace: 
_fronts/inspector.js 829 WalkerFront<.getMutations</<
_/Promise-backend.js 932 Handler.prototype.process
_/Promise-backend.js 813 this.PromiseWalker.walkerLoop
_/Promise-backend.js 747 this.PromiseWalker.scheduleWalkerLoop/<

console.trace: 
_fronts/inspector.js 829 WalkerFront<.getMutations</<
_/Promise-backend.js 932 Handler.prototype.process
_/Promise-backend.js 813 this.PromiseWalker.walkerLoop
_/Promise-backend.js 747 this.PromiseWalker.scheduleWalkerLoop/<

console.trace: 
_fronts/inspector.js 829 WalkerFront<.getMutations</<
_/Promise-backend.js 932 Handler.prototype.process
_/Promise-backend.js 813 this.PromiseWalker.walkerLoop
_/Promise-backend.js 747 this.PromiseWalker.scheduleWalkerLoop/<

console.trace: 
_fronts/inspector.js 829 WalkerFront<.getMutations</<
_/Promise-backend.js 932 Handler.prototype.process
_/Promise-backend.js 813 this.PromiseWalker.walkerLoop
_/Promise-backend.js 747 this.PromiseWalker.scheduleWalkerLoop/<

console.trace: 
_fronts/inspector.js 829 WalkerFront<.getMutations</<
_/Promise-backend.js 932 Handler.prototype.process
_/Promise-backend.js 813 this.PromiseWalker.walkerLoop
_/Promise-backend.js 747 this.PromiseWalker.scheduleWalkerLoop/<

JavaScript warning: http://192.168.1.1/lib/js/common.js, line 1096: unreachable code after return statement
[Child 612] WARNING: pipe error: 109: file c:/builds/moz2_slave/m-rel-w32-00000000000000000000/build/src/ipc/chromium/src/chrome/common/ipc_channel_win.cc, line 345
[Child 612] WARNING: pipe error: 109: file c:/builds/moz2_slave/m-rel-w32-00000000000000000000/build/src/ipc/chromium/src/chrome/common/ipc_channel_win.cc, line 345
911WwZ4V3uRjKwUfzcYteSmujM-LdJymo6XdbfRq49iQAKmVQm7RdHpfd_eVb8xz4WqVxV6DgW8Z1FAvN4PalcALY_epCukPgGyUmup5XXiEMUNfzRn6LmsQFckaPdn2LVSmxsbsyPZIF_Bs8Kt4~&v=505, line 1: SyntaxError: expected expression, got '<'
JavaScript error: http://im-x.jd.com/dsp/np?log=jaV36W9MvYOzA7itftb_LrLAMaZXskvlg5f09Ve7LGgX-hIukCGwYuS4PVDUYtCeLIjX0o6S8UGM5Z9O_zbbHho5bgVvvkK4iu33CmHGuEK-1SJeB9IrnV34gtNdTbklTENDH3NhLr1_8c4Q7fcBlU1b7ljUlaZG8sbc0-drrnnbWGcNYPaMlwMuYhSkYF-eCUmo21Zd1fCmJXWk0ScilECaRS8wbKcpsm_iLKmANxrcuvaQNYqDdzmxf-uoAg7Kmy5tUn7bzYmtiGI39jcc5ZP2F-P-3veVeSJhejifnaEnxWyJW-Xi5kd_DifNtV2Fl6S3sSDafLEscrjQAy3ktb6tislaRz8iY6Zv5GZjXYe44UpnAqNoYOZxVcLnUc6_hYyOP3nwLNvePNGrHHx_FrlfniJNlp13Uar7EqV7x2hBrY01IvAXNt9eKKk6O0aVz3iXWSJ8KuW0mxUby723Soz7EhHRw3yVH1A6die4o5w~&v=505, line 1: SyntaxError: expected expression, got '<'
JavaScript warning: http://cpro.baidustatic.com/cpro/ui/noexpire/js/3.2.4/stag_g.js, line 1: unreachable code after return statement
JavaScript warning: http://cpro.baidustatic.com/cpro/ui/noexpire/js/3.2.4/stag_g.js, line 1: unreachable code after return statement
JavaScript error: http://a.alimama.cn/tkapi.js, line 1: TypeError: a(...).run is not a function
JavaScript error: http://im-x.jd.com/dsp/np?log=jaV36W9MvYOzA7itftb_LrLAMaZXskvlg5f09Ve7LGgX-hIukCGwYuS4PVDUYtCesdmDWJKrnjceyzAgul4ovLLXxFbV8WBL-LzpRfFgyOMQeX-NVfHSYMUSrm57hmyPE_SxEyH0yAUd5CpliTK-vmHtAlNVp86tOf1Lqno8gDScrIEn34xLA-ouBJkrTqUhBactqK1AGXZJOOgz_hZ6ta9IMMEYFAnwR3pLu36PooIhXWxzcmLKZ6mdliQEwYbpOPkJt4KQSbYuNAPtkgHVT3H6YbEfMceC_1D0FcxXvRHn9k4LGeEPetZtGtcIaqExdsb6xEBsOOSNttVUsAr_t4qSx8JFgV0kkYsIBNmR6MJK3eXIWSrFBFyuao29kOwQsByBI8sb3vQnm2czWs0wXW07aHB0aoPZ7Ncm2uEszkzj4KmW6xFhywcBUJOOEMiM4cXB_NH0N6Ds_sHHXD5Ck4ihrTeWDgAzsPITx5EwlII~&v=505, line 1: SyntaxError: expected expression, got '<'
JavaScript error: http://im-x.jd.com/dsp/np?log=jaV36W9MvYOzA7itftb_LrLAMaZXskvlg5f09Ve7LGgX-hIukCGwYuS4PVDUYtCeWkAwGE6JOkzJCAYXbHWW_GWbgo20NOwhh9hsNoIUFZg75hcNkPs0iejT0M2dFWPXwlMc6TK3ok-Pg-NNvubICyWKWmhN79JwnqJKvOKM-4C8hZgToiL4eF5QtntdiSK_ll4rUIYplIv_jAo8Soj4C0nqWn57XMgVpeXOqezhZrCiXHbvGiSpx54w0nUlRJHGhIRrUm7BdxK1UeXe7pJGV-v_h7-1FHbaemp1990UzmiweJEvYa04jwpdBHVuaod7eHqjZ8eWRk-l1zl4pATduzlmB4Xs6Oztj_oU44daVY5zvTXW5WCE83VIlSDfae4C6OaOwGfU23tawmBnV1dR7yCsKMT1ZS-FOJoTghg0zILOIzrFTadAF35DfVH8BXylpG_dSQYSbHPxcQ8bjrRkOQwcMK27DGXDaofX7qzX6AQ~&v=505, line 1: SyntaxError: expected expression, got '<'
JavaScript error: http://static.360buyimg.com/jzt/temp/js/clickPatch.js, line 1: SyntaxError: expected expression, got '<'
JavaScript error: http://px.3.cn/prices/mgets?skuids=J_12069080,J_1968447365,J_12069066,J_12069078&type=1&callback=dsp_1490826986986&r=1490826987002, line 1: SyntaxError: expected expression, got '<'
JavaScript error: http://im-x.jd.com/dsp/np?log=5DtT5kPSfdFhc0KaFZZBuuugSauQQzvjnC7VPG3c-q_uheZUfvofffGp8QWRdRW7cPO89LVBoje-4K7HB50pEL_4ky8jqimesHp-cX8PePP80Lp_8m935_wcpwVOP0QW0hbcwSpMK7ixUsd2kMvusFqu-2-pFZhiAMW2wON-vOMlCnR0RVNm5P7OPYuu5qzz8oxVYiQn_hqIypBdhaX5F7JpXSuzdE62vQQTj5xjL_BEICGB4yQMw-knEMUN4rFPUX8wEtuUoMHt8yjc0zD0ghFl406umv2vV8lZ0kVzev9p6mQXxR0vDG_-vhCGH_ZcRS55DtFXgj-O6Rqs2b8TeAGxbziP-J7NoQwVBHW-ICRliW1HF4BtGO908-s2mNMy7HyNwG61o7HW-5L3gFge1e7W-joutMGy3M6tSOzr0Ia4wWvfNgENoHgIFTq27aoDQbPJdk3P6tQNxCHstYNuC52bq14GE1lZRNckD0EuAYA~&v=505, line 1: SyntaxError: expected expression, got '<'
JavaScript error: http://im-x.jd.com/dsp/np?log=5DtT5kPSfdFhc0KaFZZBuuugSauQQzvjnC7VPG3c-q-TYy5VCQ8rwUjB90tANkkISsVyzlKEZhiCtW6fzrZkCsSxnLfY6n7m3PA6Uvs8hOVSeXLGE1fNTVmjWOW5rZ3ZH-kgzCTTyJSpByUSk85nNFB71Qeewfko_esnw5pGXK_Y7O1RFguPDYnJD5B7IvKr6peMc34kYkVlZDeFWmiFGlmIy6S49Fw6AceRQrW8m0WXj57Xgo63Ys1mWIxOnUGup3hM7dTC_Zm5D_U0BxN3jqbTrOYsIpThcbdKCjZzpAEcyX9wnzHn5nzj-Ke2w8SRmkyAe4GrBTE2lLUUmzgV7EggX69-hETi5uQJeFxhxKXG-Fjw53GmTpj9CmuJt0qXdsIkk9hUHfsq1lOQiKG9S7DYUs0ghSkXe4thDn0RKNriyr3dNSjJaneHbl9Jpt3RhGpt94ZG22Z5D1iGGxyEBxMsHDzJ_1Rbk3xBrVS81AXE0G5hsYf9cjnnKrKCcFI8zU0C23tut5gumaqukP4hfpFBXQduy4g6nfx3q6vBLEY~&v=505, line 1: SyntaxError: expected expression, got '<'
JavaScript warning: http://cpro.baidustatic.com/cpro/ui/noexpire/js/3.2.4/stag_g.js, line 1: unreachable code after return statement
JavaScript warning: http://cpro.baidustatic.com/cpro/ui/noexpire/js/3.2.4/stag_g.js, line 1: unreachable code after return statement
JavaScript error: http://a.alimama.cn/tkapi.js, line 1: TypeError: a(...).run is not a function
JavaScript error: http://im-x.jd.com/dsp/np?log=5DtT5kPSfdFhc0KaFZZBuuugSauQQzvjnC7VPG3c-q_uheZUfvofffGp8QWRdRW7hu8CfR_zjViBC-63rAJ_aNydsRC0aCQGzLe1lU5mnDYua6kOw6rPgRYXav9dG46iSo91rOnEZCgqV3DUz0kBtggw_54d96f7IeeSsvzWcWc9dk6kts26uEweyDKf8-oC4P2t3qTCTijq9YcHDw05AF0J1QCp7CrbL0JqG6VJG9asGIQ-OmxgJPZqGpHpBuYrCBkLf41Fzvx2jxEnwxQ-tJWMjjffdKSkMxH11OJPdn7izI2TR2Ykl3SsKNXPjuQQqtd6p8D5UnGz_6bn-2G_QdmBBYNlTJ7FUqwePlDC26zx04hf9ZsDHL-uMHaRzQIWvYcJo0XD4zTded1o95Uux2qcXF91uM5_bmfoFxDuuEfXeQbWZB9yBd8vKneDZALiDyoJjXl5WqVqrTmcX6D-dZ67-LH3ffMruRugDZgb9l8~&v=505, line 1: SyntaxError: expected expression, got '<'
JavaScript error: http://im-x.jd.com/dsp/np?log=5DtT5kPSfdFhc0KaFZZBuuugSauQQzvjnC7VPG3c-q_uheZUfvofffGp8QWRdRW7blu83wqgBDkp46i2VeKTiKEvq8stwKr4Jv1LYQgxEkxg6K8gRkW55AmsrD83AN8jfF6W6-plwO4QYaqLDcxjvrbkYRdBX1ZHbtLoUSF0cuH1olRneV1SMQ14ULAQjzUr9WPkhx2oWh5vnUgkc3LW7aaVGstwlcF41gmIn7k7w81Iq2hSdUDNNc8-JTi3sEHgIzYoY4FRxOau_cLQT6M9rGsAJGD8-JmmrMrqElTMmgiJ4rQCpXRu39AMmQ5OkOqVncQ_HMMHX1wPto_1v6-zGCxpvylORCm-Ct_xUo8RGYwONnrMuOFtI07wgHwxq7nz5WuumEwQCwbzvX_h7L-VbFx3CptREReUnmrYnhc0XvVYUOdZ6GLiKRLVWcnTF1bhriLijG2e3subaJc9omF8zf52RXeX7i18RrmLGgWC6Bw~&v=505, line 1: SyntaxError: expected expression, got '<'
JavaScript error: http://static.360buyimg.com/jzt/temp/js/turns.js, line 1: SyntaxError: expected expression, got '<'
JavaScript error: http://x.jd.com/cpcunion?spread_type=2&ad_type=7&ad_ids=1156:6&p=ABICVB1dFAEUN1Eaa0pGT1plRB9IXyJDB1oJJV1WWggrJGFKRlk1Ri53XXBQNl0LV3VMfxFnOxkOIgRWGl8VCxAEUytYFgMWBFQZUhAyImYnKxB7CiJYEUYGJQIXA1wbUxMBEQ9XH1wlAw%3D%3D&posid=&unionsiteid=&union_id=220520384&pid=CKnez5q4KhDAv5NpGgAgyJnIwQEqAA==&euid=&ref=http%3A%2F%2Ffragment.firefoxchina.cn%2Fhtml%2Fmain_page_banner_jd_https.html&_=1490828788087, line 29: TypeError: _J(...).turns is not a function
JavaScript error: http://static.360buyimg.com/jzt/temp/js/clickPatch.js, line 1: SyntaxError: expected expression, got '<'
JavaScript error: http://px.3.cn/prices/mgets?skuids=J_12069080,J_1968447365,J_10103341363,J_1116968261&type=1&callback=dsp_1490828788323&r=1490828788344, line 1: SyntaxError: expected expression, got '<'
JavaScript error: http://a.alimama.cn/tkapi.js, line 1: TypeError: a(...).run is not a function
JavaScript error: http://static.360buyimg.com/jzt/temp/js/turns.js, line 1: SyntaxError: expected expression, got '<'
JavaScript error: http://x.jd.com/cpcunion?spread_type=2&ad_type=7&ad_ids=1156:6&p=ABICVB1dFAEUN1Eaa0pGT1plRB9IXyJDB1oJJV1WWggrJGFKRlk1Ri53XXBQNl0LV3VMfxFnOxkOIgRWGl8VCxAEUytYFgMWBFQZUhAyImYnKxB7CiJYEUYGJQIXA1wbUxMBEQ9XH1wlAw%3D%3D&posid=&unionsiteid=&union_id=220520384&pid=CKnez5q4KhDAv5NpGgAgyJnIwQEqAA==&euid=&ref=http%3A%2F%2Ffragment.firefoxchina.cn%2Fhtml%2Fmain_page_banner_jd_https.html&_=1490830591470, line 29: TypeError: _J(...).turns is not a function
JavaScript error: http://static.360buyimg.com/jzt/temp/js/clickPatch.js, line 1: SyntaxError: expected expression, got '<'
JavaScript error: http://px.3.cn/prices/mgets?skuids=J_12069080,J_1968447365,J_10103341363,J_12069066&type=1&callback=dsp_1490830591741&r=1490830591765, line 1: SyntaxError: expected expression, got '<'
JavaScript warning: http://cpro.baidustatic.com/cpro/ui/noexpire/js/3.2.4/stag_g.js, line 1: unreachable code after return statement
JavaScript warning: http://cpro.baidustatic.com/cpro/ui/noexpire/js/3.2.4/stag_g.js, line 1: unreachable code after return statement
JavaScript error: http://a.alimama.cn/tkapi.js, line 1: TypeError: a(...).run is not a function
JavaScript error: http://a.alimama.cn/tkapi.js, line 1: TypeError: a(...).run is not a function
[Child 9160] WARNING: pipe error: 109: file c:/builds/moz2_slave/m-rel-w32-00000000000000000000/build/src/ipc/chromium/src/chrome/common/ipc_channel_win.cc, line 345
[Child 9160] WARNING: pipe error: 109: file c:/builds/moz2_slave/m-rel-w32-00000000000000000000/build/src/ipc/chromium/src/chrome/common/ipc_channel_win.cc, line 345

_/Promise-backend.js 747 this.PromiseWalker.scheduleWalkerLoop/<

console.trace: 
_fronts/inspector.js 829 WalkerFront<.getMutations</<
_/Promise-backend.js 932 Handler.prototype.process
_/Promise-backend.js 813 this.PromiseWalker.walkerLoop
_/Promise-backend.js 747 this.PromiseWalker.scheduleWalkerLoop/<

console.trace: 
_fronts/inspector.js 829 WalkerFront<.getMutations</<
_/Promise-backend.js 932 Handler.prototype.process
_/Promise-backend.js 813 this.PromiseWalker.walkerLoop
_/Promise-backend.js 747 this.PromiseWalker.scheduleWalkerLoop/<

console.trace: 
_fronts/inspector.js 829 WalkerFront<.getMutations</<
_/Promise-backend.js 932 Handler.prototype.process
_/Promise-backend.js 813 this.PromiseWalker.walkerLoop
_/Promise-backend.js 747 this.PromiseWalker.scheduleWalkerLoop/<

console.trace: 
_fronts/inspector.js 829 WalkerFront<.getMutations</<
_/Promise-backend.js 932 Handler.prototype.process
_/Promise-backend.js 813 this.PromiseWalker.walkerLoop
_/Promise-backend.js 747 this.PromiseWalker.scheduleWalkerLoop/<

console.trace: 
_fronts/inspector.js 829 WalkerFront<.getMutations</<
_/Promise-backend.js 932 Handler.prototype.process
_/Promise-backend.js 813 this.PromiseWalker.walkerLoop
_/Promise-backend.js 747 this.PromiseWalker.scheduleWalkerLoop/<

console.trace: 
_fronts/inspector.js 829 WalkerFront<.getMutations</<
_/Promise-backend.js 932 Handler.prototype.process
_/Promise-backend.js 813 this.PromiseWalker.walkerLoop
_/Promise-backend.js 747 this.PromiseWalker.scheduleWalkerLoop/<

console.trace: 
_fronts/inspector.js 829 WalkerFront<.getMutations</<
_/Promise-backend.js 932 Handler.prototype.process
_/Promise-backend.js 813 this.PromiseWalker.walkerLoop
_/Promise-backend.js 747 this.PromiseWalker.scheduleWalkerLoop/<

console.trace: 
_fronts/inspector.js 829 WalkerFront<.getMutations</<
_/Promise-backend.js 932 Handler.prototype.process
_/Promise-backend.js 813 this.PromiseWalker.walkerLoop
_/Promise-backend.js 747 this.PromiseWalker.scheduleWalkerLoop/<

console.trace: 
_fronts/inspector.js 829 WalkerFront<.getMutations</<
_/Promise-backend.js 932 Handler.prototype.process
_/Promise-backend.js 813 this.PromiseWalker.walkerLoop
_/Promise-backend.js 747 this.PromiseWalker.scheduleWalkerLoop/<

console.trace: 
_fronts/inspector.js 829 WalkerFront<.getMutations</<
_/Promise-backend.js 932 Handler.prototype.process
_/Promise-backend.js 813 this.PromiseWalker.walkerLoop
_/Promise-backend.js 747 this.PromiseWalker.scheduleWalkerLoop/<

console.trace: 
_fronts/inspector.js 829 WalkerFront<.getMutations</<
_/Promise-backend.js 932 Handler.prototype.process
_/Promise-backend.js 813 this.PromiseWalker.walkerLoop
_/Promise-backend.js 747 this.PromiseWalker.scheduleWalkerLoop/<

console.trace: 
_fronts/inspector.js 829 WalkerFront<.getMutations</<
_/Promise-backend.js 932 Handler.prototype.process
_/Promise-backend.js 813 this.PromiseWalker.walkerLoop
_/Promise-backend.js 747 this.PromiseWalker.scheduleWalkerLoop/<

console.trace: 
_fronts/inspector.js 829 WalkerFront<.getMutations</<
_/Promise-backend.js 932 Handler.prototype.process
_/Promise-backend.js 813 this.PromiseWalker.walkerLoop
_/Promise-backend.js 747 this.PromiseWalker.scheduleWalkerLoop/<

JavaScript warning: http://192.168.1.1/lib/js/common.js, line 1096: unreachable code after return statement
JavaScript warning: http://192.168.1.1/lib/js/common.js, line 1096: unreachable code after return statement
console.trace: 
_fronts/inspector.js 829 WalkerFront<.getMutations</<
_/Promise-backend.js 932 Handler.prototype.process
_/Promise-backend.js 813 this.PromiseWalker.walkerLoop
_/Promise-backend.js 747 this.PromiseWalker.scheduleWalkerLoop/<

console.trace: 
_fronts/inspector.js 829 WalkerFront<.getMutations</<
_/Promise-backend.js 932 Handler.prototype.process
_/Promise-backend.js 813 this.PromiseWalker.walkerLoop
_/Promise-backend.js 747 this.PromiseWalker.scheduleWalkerLoop/<

console.trace: 
_fronts/inspector.js 829 WalkerFront<.getMutations</<
_/Promise-backend.js 932 Handler.prototype.process
_/Promise-backend.js 813 this.PromiseWalker.walkerLoop
_/Promise-backend.js 747 this.PromiseWalker.scheduleWalkerLoop/<

console.trace: 
_fronts/inspector.js 829 WalkerFront<.getMutations</<
_/Promise-backend.js 932 Handler.prototype.process
_/Promise-backend.js 813 this.PromiseWalker.walkerLoop
_/Promise-backend.js 747 this.PromiseWalker.scheduleWalkerLoop/<

console.trace: 
_fronts/inspector.js 829 WalkerFront<.getMutations</<
_/Promise-backend.js 932 Handler.prototype.process
_/Promise-backend.js 813 this.PromiseWalker.walkerLoop
_/Promise-backend.js 747 this.PromiseWalker.scheduleWalkerLoop/<

console.trace: 
_fronts/inspector.js 829 WalkerFront<.getMutations</<
_/Promise-backend.js 932 Handler.prototype.process
_/Promise-backend.js 813 this.PromiseWalker.walkerLoop
_/Promise-backend.js 747 this.PromiseWalker.scheduleWalkerLoop/<

console.trace: 
_fronts/inspector.js 829 WalkerFront<.getMutations</<
_/Promise-backend.js 932 Handler.prototype.process
_/Promise-backend.js 813 this.PromiseWalker.walkerLoop
_/Promise-backend.js 747 this.PromiseWalker.scheduleWalkerLoop/<

console.trace: 
_fronts/inspector.js 829 WalkerFront<.getMutations</<
_/Promise-backend.js 932 Handler.prototype.process
_/Promise-backend.js 813 this.PromiseWalker.walkerLoop
_/Promise-backend.js 747 this.PromiseWalker.scheduleWalkerLoop/<

console.trace: 
_fronts/inspector.js 829 WalkerFront<.getMutations</<
_/Promise-backend.js 932 Handler.prototype.process
_/Promise-backend.js 813 this.PromiseWalker.walkerLoop
_/Promise-backend.js 747 this.PromiseWalker.scheduleWalkerLoop/<

console.trace: 
_fronts/inspector.js 829 WalkerFront<.getMutations</<
_/Promise-backend.js 932 Handler.prototype.process
_/Promise-backend.js 813 this.PromiseWalker.walkerLoop
_/Promise-backend.js 747 this.PromiseWalker.scheduleWalkerLoop/<

console.trace: 
_fronts/inspector.js 829 WalkerFront<.getMutations</<
_/Promise-backend.js 932 Handler.prototype.process
_/Promise-backend.js 813 this.PromiseWalker.walkerLoop
_/Promise-backend.js 747 this.PromiseWalker.scheduleWalkerLoop/<

console.trace: 
_fronts/inspector.js 829 WalkerFront<.getMutations</<
_/Promise-backend.js 932 Handler.prototype.process
_/Promise-backend.js 813 this.PromiseWalker.walkerLoop
_/Promise-backend.js 747 this.PromiseWalker.scheduleWalkerLoop/<

console.trace: 
_fronts/inspector.js 829 WalkerFront<.getMutations</<
_/Promise-backend.js 932 Handler.prototype.process
_/Promise-backend.js 813 this.PromiseWalker.walkerLoop
_/Promise-backend.js 747 this.PromiseWalker.scheduleWalkerLoop/<

console.trace: 
_fronts/inspector.js 829 WalkerFront<.getMutations</<
_/Promise-backend.js 932 Handler.prototype.process
_/Promise-backend.js 813 this.PromiseWalker.walkerLoop
_/Promise-backend.js 747 this.PromiseWalker.scheduleWalkerLoop/<

console.trace: 
_fronts/inspector.js 829 WalkerFront<.getMutations</<
_/Promise-backend.js 932 Handler.prototype.process
_/Promise-backend.js 813 this.PromiseWalker.walkerLoop
_/Promise-backend.js 747 this.PromiseWalker.scheduleWalkerLoop/<

console.trace: 
_fronts/inspector.js 829 WalkerFront<.getMutations</<
_/Promise-backend.js 932 Handler.prototype.process
_/Promise-backend.js 813 this.PromiseWalker.walkerLoop
_/Promise-backend.js 747 this.PromiseWalker.scheduleWalkerLoop/<

console.trace: 
_fronts/inspector.js 829 WalkerFront<.getMutations</<
_/Promise-backend.js 932 Handler.prototype.process
_/Promise-backend.js 813 this.PromiseWalker.walkerLoop
_/Promise-backend.js 747 this.PromiseWalker.scheduleWalkerLoop/<

JavaScript warning: http://192.168.1.1/lib/js/common.js, line 1096: unreachable code after return statement
JavaScript warning: http://192.168.1.1/lib/js/common.js, line 1096: unreachable code after return statement
console.trace: 
_fronts/inspector.js 829 WalkerFront<.getMutations</<
_/Promise-backend.js 932 Handler.prototype.process
_/Promise-backend.js 813 this.PromiseWalker.walkerLoop
_/Promise-backend.js 747 this.PromiseWalker.scheduleWalkerLoop/<

console.trace: 
_fronts/inspector.js 829 WalkerFront<.getMutations</<
_/Promise-backend.js 932 Handler.prototype.process
_/Promise-backend.js 813 this.PromiseWalker.walkerLoop
_/Promise-backend.js 747 this.PromiseWalker.scheduleWalkerLoop/<

console.trace: 
_fronts/inspector.js 829 WalkerFront<.getMutations</<
_/Promise-backend.js 932 Handler.prototype.process
_/Promise-backend.js 813 this.PromiseWalker.walkerLoop
_/Promise-backend.js 747 this.PromiseWalker.scheduleWalkerLoop/<

console.trace: 
_fronts/inspector.js 829 WalkerFront<.getMutations</<
_/Promise-backend.js 932 Handler.prototype.process
_/Promise-backend.js 813 this.PromiseWalker.walkerLoop
_/Promise-backend.js 747 this.PromiseWalker.scheduleWalkerLoop/<

console.trace: 
_fronts/inspector.js 829 WalkerFront<.getMutations</<
_/Promise-backend.js 932 Handler.prototype.process
_/Promise-backend.js 813 this.PromiseWalker.walkerLoop
_/Promise-backend.js 747 this.PromiseWalker.scheduleWalkerLoop/<

console.trace: 
_fronts/inspector.js 829 WalkerFront<.getMutations</<
_/Promise-backend.js 932 Handler.prototype.process
_/Promise-backend.js 813 this.PromiseWalker.walkerLoop
_/Promise-backend.js 747 this.PromiseWalker.scheduleWalkerLoop/<

console.trace: 
_fronts/inspector.js 829 WalkerFront<.getMutations</<
_/Promise-backend.js 932 Handler.prototype.process
_/Promise-backend.js 813 this.PromiseWalker.walkerLoop
_/Promise-backend.js 747 this.PromiseWalker.scheduleWalkerLoop/<

console.trace: 
_fronts/inspector.js 829 WalkerFront<.getMutations</<
_/Promise-backend.js 932 Handler.prototype.process
_/Promise-backend.js 813 this.PromiseWalker.walkerLoop
_/Promise-backend.js 747 this.PromiseWalker.scheduleWalkerLoop/<

console.trace: 
_fronts/inspector.js 829 WalkerFront<.getMutations</<
_/Promise-backend.js 932 Handler.prototype.process
_/Promise-backend.js 813 this.PromiseWalker.walkerLoop
_/Promise-backend.js 747 this.PromiseWalker.scheduleWalkerLoop/<

console.trace: 
_fronts/inspector.js 829 WalkerFront<.getMutations</<
_/Promise-backend.js 932 Handler.prototype.process
_/Promise-backend.js 813 this.PromiseWalker.walkerLoop
_/Promise-backend.js 747 this.PromiseWalker.scheduleWalkerLoop/<

console.trace: 
_fronts/inspector.js 829 WalkerFront<.getMutations</<
_/Promise-backend.js 932 Handler.prototype.process
_/Promise-backend.js 813 this.PromiseWalker.walkerLoop
_/Promise-backend.js 747 this.PromiseWalker.scheduleWalkerLoop/<

console.trace: 
_fronts/inspector.js 829 WalkerFront<.getMutations</<
_/Promise-backend.js 932 Handler.prototype.process
_/Promise-backend.js 813 this.PromiseWalker.walkerLoop
_/Promise-backend.js 747 this.PromiseWalker.scheduleWalkerLoop/<

console.trace: 
_fronts/inspector.js 829 WalkerFront<.getMutations</<
_/Promise-backend.js 932 Handler.prototype.process
_/Promise-backend.js 813 this.PromiseWalker.walkerLoop
_/Promise-backend.js 747 this.PromiseWalker.scheduleWalkerLoop/<

console.trace: 
_fronts/inspector.js 829 WalkerFront<.getMutations</<
_/Promise-backend.js 932 Handler.prototype.process
_/Promise-backend.js 813 this.PromiseWalker.walkerLoop
_/Promise-backend.js 747 this.PromiseWalker.scheduleWalkerLoop/<

console.trace: 
_fronts/inspector.js 829 WalkerFront<.getMutations</<
_/Promise-backend.js 932 Handler.prototype.process
_/Promise-backend.js 813 this.PromiseWalker.walkerLoop
_/Promise-backend.js 747 this.PromiseWalker.scheduleWalkerLoop/<

console.trace: 
_fronts/inspector.js 829 WalkerFront<.getMutations</<
_/Promise-backend.js 932 Handler.prototype.process
_/Promise-backend.js 813 this.PromiseWalker.walkerLoop
_/Promise-backend.js 747 this.PromiseWalker.scheduleWalkerLoop/<

console.trace: 
_fronts/inspector.js 829 WalkerFront<.getMutations</<
_/Promise-backend.js 932 Handler.prototype.process
_/Promise-backend.js 813 this.PromiseWalker.walkerLoop
_/Promise-backend.js 747 this.PromiseWalker.scheduleWalkerLoop/<

JavaScript warning: http://192.168.1.1/lib/js/common.js, line 1096: unreachable code after return statement
JavaScript warning: http://192.168.1.1/lib/js/common.js, line 1096: unreachable code after return statement
console.trace: 
_fronts/inspector.js 829 WalkerFront<.getMutations</<
_/Promise-backend.js 932 Handler.prototype.process
_/Promise-backend.js 813 this.PromiseWalker.walkerLoop
_/Promise-backend.js 747 this.PromiseWalker.scheduleWalkerLoop/<

console.trace: 
_fronts/inspector.js 829 WalkerFront<.getMutations</<
_/Promise-backend.js 932 Handler.prototype.process
_/Promise-backend.js 813 this.PromiseWalker.walkerLoop
_/Promise-backend.js 747 this.PromiseWalker.scheduleWalkerLoop/<

console.trace: 
_fronts/inspector.js 829 WalkerFront<.getMutations</<
_/Promise-backend.js 932 Handler.prototype.process
_/Promise-backend.js 813 this.PromiseWalker.walkerLoop
_/Promise-backend.js 747 this.PromiseWalker.scheduleWalkerLoop/<

console.trace: 
_fronts/inspector.js 829 WalkerFront<.getMutations</<
_/Promise-backend.js 932 Handler.prototype.process
_/Promise-backend.js 813 this.PromiseWalker.walkerLoop
_/Promise-backend.js 747 this.PromiseWalker.scheduleWalkerLoop/<

console.trace: 
_fronts/inspector.js 829 WalkerFront<.getMutations</<
_/Promise-backend.js 932 Handler.prototype.process
_/Promise-backend.js 813 this.PromiseWalker.walkerLoop
_/Promise-backend.js 747 this.PromiseWalker.scheduleWalkerLoop/<

console.trace: 
_fronts/inspector.js 829 WalkerFront<.getMutations</<
_/Promise-backend.js 932 Handler.prototype.process
_/Promise-backend.js 813 this.PromiseWalker.walkerLoop
_/Promise-backend.js 747 this.PromiseWalker.scheduleWalkerLoop/<

console.trace: 
_fronts/inspector.js 829 WalkerFront<.getMutations</<
_/Promise-backend.js 932 Handler.prototype.process
_/Promise-backend.js 813 this.PromiseWalker.walkerLoop
_/Promise-backend.js 747 this.PromiseWalker.scheduleWalkerLoop/<

console.trace: 
_fronts/inspector.js 829 WalkerFront<.getMutations</<
_/Promise-backend.js 932 Handler.prototype.process
_/Promise-backend.js 813 this.PromiseWalker.walkerLoop
_/Promise-backend.js 747 this.PromiseWalker.scheduleWalkerLoop/<

console.trace: 
_fronts/inspector.js 829 WalkerFront<.getMutations</<
_/Promise-backend.js 932 Handler.prototype.process
_/Promise-backend.js 813 this.PromiseWalker.walkerLoop
_/Promise-backend.js 747 this.PromiseWalker.scheduleWalkerLoop/<

console.trace: 
_fronts/inspector.js 829 WalkerFront<.getMutations</<
_/Promise-backend.js 932 Handler.prototype.process
_/Promise-backend.js 813 this.PromiseWalker.walkerLoop
_/Promise-backend.js 747 this.PromiseWalker.scheduleWalkerLoop/<

console.trace: 
_fronts/inspector.js 829 WalkerFront<.getMutations</<
_/Promise-backend.js 932 Handler.prototype.process
_/Promise-backend.js 813 this.PromiseWalker.walkerLoop
_/Promise-backend.js 747 this.PromiseWalker.scheduleWalkerLoop/<

console.trace: 
_fronts/inspector.js 829 WalkerFront<.getMutations</<
_/Promise-backend.js 932 Handler.prototype.process
_/Promise-backend.js 813 this.PromiseWalker.walkerLoop
_/Promise-backend.js 747 this.PromiseWalker.scheduleWalkerLoop/<

console.trace: 
_fronts/inspector.js 829 WalkerFront<.getMutations</<
_/Promise-backend.js 932 Handler.prototype.process
_/Promise-backend.js 813 this.PromiseWalker.walkerLoop
_/Promise-backend.js 747 this.PromiseWalker.scheduleWalkerLoop/<

console.trace: 
_fronts/inspector.js 829 WalkerFront<.getMutations</<
_/Promise-backend.js 932 Handler.prototype.process
_/Promise-backend.js 813 this.PromiseWalker.walkerLoop
_/Promise-backend.js 747 this.PromiseWalker.scheduleWalkerLoop/<

console.trace: 
_fronts/inspector.js 829 WalkerFront<.getMutations</<
_/Promise-backend.js 932 Handler.prototype.process
_/Promise-backend.js 813 this.PromiseWalker.walkerLoop
_/Promise-backend.js 747 this.PromiseWalker.scheduleWalkerLoop/<

console.trace: 
_fronts/inspector.js 829 WalkerFront<.getMutations</<
_/Promise-backend.js 932 Handler.prototype.process
_/Promise-backend.js 813 this.PromiseWalker.walkerLoop
_/Promise-backend.js 747 this.PromiseWalker.scheduleWalkerLoop/<

console.trace: 
_fronts/inspector.js 829 WalkerFront<.getMutations</<
_/Promise-backend.js 932 Handler.prototype.process
_/Promise-backend.js 813 this.PromiseWalker.walkerLoop
_/Promise-backend.js 747 this.PromiseWalker.scheduleWalkerLoop/<

console.trace: 
_fronts/inspector.js 829 WalkerFront<.getMutations</<
_/Promise-backend.js 932 Handler.prototype.process
_/Promise-backend.js 813 this.PromiseWalker.walkerLoop
_/Promise-backend.js 747 this.PromiseWalker.scheduleWalkerLoop/<

JavaScript warning: http://192.168.1.1/lib/js/common.js, line 1096: unreachable code after return statement
JavaScript warning: http://192.168.1.1/lib/js/common.js, line 1096: unreachable code after return statement
console.trace: 
_fronts/inspector.js 829 WalkerFront<.getMutations</<
_/Promise-backend.js 932 Handler.prototype.process
_/Promise-backend.js 813 this.PromiseWalker.walkerLoop
_/Promise-backend.js 747 this.PromiseWalker.scheduleWalkerLoop/<

console.trace: 
_fronts/inspector.js 829 WalkerFront<.getMutations</<
_/Promise-backend.js 932 Handler.prototype.process
_/Promise-backend.js 813 this.PromiseWalker.walkerLoop
_/Promise-backend.js 747 this.PromiseWalker.scheduleWalkerLoop/<

console.trace: 
_fronts/inspector.js 829 WalkerFront<.getMutations</<
_/Promise-backend.js 932 Handler.prototype.process
_/Promise-backend.js 813 this.PromiseWalker.walkerLoop
_/Promise-backend.js 747 this.PromiseWalker.scheduleWalkerLoop/<

console.trace: 
_fronts/inspector.js 829 WalkerFront<.getMutations</<
_/Promise-backend.js 932 Handler.prototype.process
_/Promise-backend.js 813 this.PromiseWalker.walkerLoop
_/Promise-backend.js 747 this.PromiseWalker.scheduleWalkerLoop/<

console.trace: 
_fronts/inspector.js 829 WalkerFront<.getMutations</<
_/Promise-backend.js 932 Handler.prototype.process
_/Promise-backend.js 813 this.PromiseWalker.walkerLoop
_/Promise-backend.js 747 this.PromiseWalker.scheduleWalkerLoop/<

console.trace: 
_fronts/inspector.js 829 WalkerFront<.getMutations</<
_/Promise-backend.js 932 Handler.prototype.process
_/Promise-backend.js 813 this.PromiseWalker.walkerLoop
_/Promise-backend.js 747 this.PromiseWalker.scheduleWalkerLoop/<

console.trace: 
_fronts/inspector.js 829 WalkerFront<.getMutations</<
_/Promise-backend.js 932 Handler.prototype.process
_/Promise-backend.js 813 this.PromiseWalker.walkerLoop
_/Promise-backend.js 747 this.PromiseWalker.scheduleWalkerLoop/<

console.trace: 
_fronts/inspector.js 829 WalkerFront<.getMutations</<
_/Promise-backend.js 932 Handler.prototype.process
_/Promise-backend.js 813 this.PromiseWalker.walkerLoop
_/Promise-backend.js 747 this.PromiseWalker.scheduleWalkerLoop/<

console.trace: 
_fronts/inspector.js 829 WalkerFront<.getMutations</<
_/Promise-backend.js 932 Handler.prototype.process
_/Promise-backend.js 813 this.PromiseWalker.walkerLoop
_/Promise-backend.js 747 this.PromiseWalker.scheduleWalkerLoop/<

console.trace: 
_fronts/inspector.js 829 WalkerFront<.getMutations</<
_/Promise-backend.js 932 Handler.prototype.process
_/Promise-backend.js 813 this.PromiseWalker.walkerLoop
_/Promise-backend.js 747 this.PromiseWalker.scheduleWalkerLoop/<

console.trace: 
_fronts/inspector.js 829 WalkerFront<.getMutations</<
_/Promise-backend.js 932 Handler.prototype.process
_/Promise-backend.js 813 this.PromiseWalker.walkerLoop
_/Promise-backend.js 747 this.PromiseWalker.scheduleWalkerLoop/<

console.trace: 
_fronts/inspector.js 829 WalkerFront<.getMutations</<
_/Promise-backend.js 932 Handler.prototype.process
_/Promise-backend.js 813 this.PromiseWalker.walkerLoop
_/Promise-backend.js 747 this.PromiseWalker.scheduleWalkerLoop/<

console.trace: 
_fronts/inspector.js 829 WalkerFront<.getMutations</<
_/Promise-backend.js 932 Handler.prototype.process
_/Promise-backend.js 813 this.PromiseWalker.walkerLoop
_/Promise-backend.js 747 this.PromiseWalker.scheduleWalkerLoop/<

console.trace: 
_fronts/inspector.js 829 WalkerFront<.getMutations</<
_/Promise-backend.js 932 Handler.prototype.process
_/Promise-backend.js 813 this.PromiseWalker.walkerLoop
_/Promise-backend.js 747 this.PromiseWalker.scheduleWalkerLoop/<

console.trace: 
_fronts/inspector.js 829 WalkerFront<.getMutations</<
_/Promise-backend.js 932 Handler.prototype.process
_/Promise-backend.js 813 this.PromiseWalker.walkerLoop
_/Promise-backend.js 747 this.PromiseWalker.scheduleWalkerLoop/<

console.trace: 
_fronts/inspector.js 829 WalkerFront<.getMutations</<
_/Promise-backend.js 932 Handler.prototype.process
_/Promise-backend.js 813 this.PromiseWalker.walkerLoop
_/Promise-backend.js 747 this.PromiseWalker.scheduleWalkerLoop/<

console.trace: 
_fronts/inspector.js 829 WalkerFront<.getMutations</<
_/Promise-backend.js 932 Handler.prototype.process
_/Promise-backend.js 813 this.PromiseWalker.walkerLoop
_/Promise-backend.js 747 this.PromiseWalker.scheduleWalkerLoop/<

console.trace: 
_fronts/inspector.js 829 WalkerFront<.getMutations</<
_/Promise-backend.js 932 Handler.prototype.process
_/Promise-backend.js 813 this.PromiseWalker.walkerLoop
_/Promise-backend.js 747 this.PromiseWalker.scheduleWalkerLoop/<

JavaScript warning: http://192.168.1.1/lib/js/common.js, line 1096: unreachable code after return statement
JavaScript warning: http://192.168.1.1/lib/js/common.js, line 1096: unreachable code after return statement
console.trace: 
_fronts/inspector.js 829 WalkerFront<.getMutations</<
_/Promise-backend.js 932 Handler.prototype.process
_/Promise-backend.js 813 this.PromiseWalker.walkerLoop
_/Promise-backend.js 747 this.PromiseWalker.scheduleWalkerLoop/<

console.trace: 
_fronts/inspector.js 829 WalkerFront<.getMutations</<
_/Promise-backend.js 932 Handler.prototype.process
_/Promise-backend.js 813 this.PromiseWalker.walkerLoop
_/Promise-backend.js 747 this.PromiseWalker.scheduleWalkerLoop/<

console.trace: 
_fronts/inspector.js 829 WalkerFront<.getMutations</<
_/Promise-backend.js 932 Handler.prototype.process
_/Promise-backend.js 813 this.PromiseWalker.walkerLoop
_/Promise-backend.js 747 this.PromiseWalker.scheduleWalkerLoop/<

console.trace: 
_fronts/inspector.js 829 WalkerFront<.getMutations</<
_/Promise-backend.js 932 Handler.prototype.process
_/Promise-backend.js 813 this.PromiseWalker.walkerLoop
_/Promise-backend.js 747 this.PromiseWalker.scheduleWalkerLoop/<

console.trace: 
_fronts/inspector.js 829 WalkerFront<.getMutations</<
_/Promise-backend.js 932 Handler.prototype.process
_/Promise-backend.js 813 this.PromiseWalker.walkerLoop
_/Promise-backend.js 747 this.PromiseWalker.scheduleWalkerLoop/<

console.trace: 
_fronts/inspector.js 829 WalkerFront<.getMutations</<
_/Promise-backend.js 932 Handler.prototype.process
_/Promise-backend.js 813 this.PromiseWalker.walkerLoop
_/Promise-backend.js 747 this.PromiseWalker.scheduleWalkerLoop/<

console.trace: 
_fronts/inspector.js 829 WalkerFront<.getMutations</<
_/Promise-backend.js 932 Handler.prototype.process
_/Promise-backend.js 813 this.PromiseWalker.walkerLoop
_/Promise-backend.js 747 this.PromiseWalker.scheduleWalkerLoop/<

console.trace: 
_fronts/inspector.js 829 WalkerFront<.getMutations</<
_/Promise-backend.js 932 Handler.prototype.process
_/Promise-backend.js 813 this.PromiseWalker.walkerLoop
_/Promise-backend.js 747 this.PromiseWalker.scheduleWalkerLoop/<

console.trace: 
_fronts/inspector.js 829 WalkerFront<.getMutations</<
_/Promise-backend.js 932 Handler.prototype.process
_/Promise-backend.js 813 this.PromiseWalker.walkerLoop
_/Promise-backend.js 747 this.PromiseWalker.scheduleWalkerLoop/<

console.trace: 
_fronts/inspector.js 829 WalkerFront<.getMutations</<
_/Promise-backend.js 932 Handler.prototype.process
_/Promise-backend.js 813 this.PromiseWalker.walkerLoop
_/Promise-backend.js 747 this.PromiseWalker.scheduleWalkerLoop/<

console.trace: 
_fronts/inspector.js 829 WalkerFront<.getMutations</<
_/Promise-backend.js 932 Handler.prototype.process
_/Promise-backend.js 813 this.PromiseWalker.walkerLoop
_/Promise-backend.js 747 this.PromiseWalker.scheduleWalkerLoop/<

console.trace: 
_fronts/inspector.js 829 WalkerFront<.getMutations</<
_/Promise-backend.js 932 Handler.prototype.process
_/Promise-backend.js 813 this.PromiseWalker.walkerLoop
_/Promise-backend.js 747 this.PromiseWalker.scheduleWalkerLoop/<

console.trace: 
_fronts/inspector.js 829 WalkerFront<.getMutations</<
_/Promise-backend.js 932 Handler.prototype.process
_/Promise-backend.js 813 this.PromiseWalker.walkerLoop
_/Promise-backend.js 747 this.PromiseWalker.scheduleWalkerLoop/<

console.trace: 
_fronts/inspector.js 829 WalkerFront<.getMutations</<
_/Promise-backend.js 932 Handler.prototype.process
_/Promise-backend.js 813 this.PromiseWalker.walkerLoop
_/Promise-backend.js 747 this.PromiseWalker.scheduleWalkerLoop/<

console.trace: 
_fronts/inspector.js 829 WalkerFront<.getMutations</<
_/Promise-backend.js 932 Handler.prototype.process
_/Promise-backend.js 813 this.PromiseWalker.walkerLoop
_/Promise-backend.js 747 this.PromiseWalker.scheduleWalkerLoop/<

console.trace: 
_fronts/inspector.js 829 WalkerFront<.getMutations</<
_/Promise-backend.js 932 Handler.prototype.process
_/Promise-backend.js 813 this.PromiseWalker.walkerLoop
_/Promise-backend.js 747 this.PromiseWalker.scheduleWalkerLoop/<

console.trace: 
_fronts/inspector.js 829 WalkerFront<.getMutations</<
_/Promise-backend.js 932 Handler.prototype.process
_/Promise-backend.js 813 this.PromiseWalker.walkerLoop
_/Promise-backend.js 747 this.PromiseWalker.scheduleWalkerLoop/<

console.trace: 
_fronts/inspector.js 829 WalkerFront<.getMutations</<
_/Promise-backend.js 932 Handler.prototype.process
_/Promise-backend.js 813 this.PromiseWalker.walkerLoop
_/Promise-backend.js 747 this.PromiseWalker.scheduleWalkerLoop/<

console.trace: 
_fronts/inspector.js 829 WalkerFront<.getMutations</<
_/Promise-backend.js 932 Handler.prototype.process
_/Promise-backend.js 813 this.PromiseWalker.walkerLoop
_/Promise-backend.js 747 this.PromiseWalker.scheduleWalkerLoop/<

JavaScript warning: http://192.168.1.1/lib/js/common.js, line 1096: unreachable code after return statement
JavaScript warning: http://192.168.1.1/lib/js/common.js, line 1096: unreachable code after return statement
console.trace: 
_fronts/inspector.js 829 WalkerFront<.getMutations</<
_/Promise-backend.js 932 Handler.prototype.process
_/Promise-backend.js 813 this.PromiseWalker.walkerLoop
_/Promise-backend.js 747 this.PromiseWalker.scheduleWalkerLoop/<

console.trace: 
_fronts/inspector.js 829 WalkerFront<.getMutations</<
_/Promise-backend.js 932 Handler.prototype.process
_/Promise-backend.js 813 this.PromiseWalker.walkerLoop
_/Promise-backend.js 747 this.PromiseWalker.scheduleWalkerLoop/<

console.trace: 
_fronts/inspector.js 829 WalkerFront<.getMutations</<
_/Promise-backend.js 932 Handler.prototype.process
_/Promise-backend.js 813 this.PromiseWalker.walkerLoop
_/Promise-backend.js 747 this.PromiseWalker.scheduleWalkerLoop/<

console.trace: 
_fronts/inspector.js 829 WalkerFront<.getMutations</<
_/Promise-backend.js 932 Handler.prototype.process
_/Promise-backend.js 813 this.PromiseWalker.walkerLoop
_/Promise-backend.js 747 this.PromiseWalker.scheduleWalkerLoop/<

console.trace: 
_fronts/inspector.js 829 WalkerFront<.getMutations</<
_/Promise-backend.js 932 Handler.prototype.process
_/Promise-backend.js 813 this.PromiseWalker.walkerLoop
_/Promise-backend.js 747 this.PromiseWalker.scheduleWalkerLoop/<

console.trace: 
_fronts/inspector.js 829 WalkerFront<.getMutations</<
_/Promise-backend.js 932 Handler.prototype.process
_/Promise-backend.js 813 this.PromiseWalker.walkerLoop
_/Promise-backend.js 747 this.PromiseWalker.scheduleWalkerLoop/<

console.trace: 
_fronts/inspector.js 829 WalkerFront<.getMutations</<
_/Promise-backend.js 932 Handler.prototype.process
_/Promise-backend.js 813 this.PromiseWalker.walkerLoop
_/Promise-backend.js 747 this.PromiseWalker.scheduleWalkerLoop/<

console.trace: 
_fronts/inspector.js 829 WalkerFront<.getMutations</<
_/Promise-backend.js 932 Handler.prototype.process
_/Promise-backend.js 813 this.PromiseWalker.walkerLoop
_/Promise-backend.js 747 this.PromiseWalker.scheduleWalkerLoop/<

console.trace: 
_fronts/inspector.js 829 WalkerFront<.getMutations</<
_/Promise-backend.js 932 Handler.prototype.process
_/Promise-backend.js 813 this.PromiseWalker.walkerLoop
_/Promise-backend.js 747 this.PromiseWalker.scheduleWalkerLoop/<

console.trace: 
_fronts/inspector.js 829 WalkerFront<.getMutations</<
_/Promise-backend.js 932 Handler.prototype.process
_/Promise-backend.js 813 this.PromiseWalker.walkerLoop
_/Promise-backend.js 747 this.PromiseWalker.scheduleWalkerLoop/<

console.trace: 
_fronts/inspector.js 829 WalkerFront<.getMutations</<
_/Promise-backend.js 932 Handler.prototype.process
_/Promise-backend.js 813 this.PromiseWalker.walkerLoop
_/Promise-backend.js 747 this.PromiseWalker.scheduleWalkerLoop/<

console.trace: 
_fronts/inspector.js 829 WalkerFront<.getMutations</<
_/Promise-backend.js 932 Handler.prototype.process
_/Promise-backend.js 813 this.PromiseWalker.walkerLoop
_/Promise-backend.js 747 this.PromiseWalker.scheduleWalkerLoop/<

console.trace: 
_fronts/inspector.js 829 WalkerFront<.getMutations</<
_/Promise-backend.js 932 Handler.prototype.process
_/Promise-backend.js 813 this.PromiseWalker.walkerLoop
_/Promise-backend.js 747 this.PromiseWalker.scheduleWalkerLoop/<

console.trace: 
_fronts/inspector.js 829 WalkerFront<.getMutations</<
_/Promise-backend.js 932 Handler.prototype.process
_/Promise-backend.js 813 this.PromiseWalker.walkerLoop
_/Promise-backend.js 747 this.PromiseWalker.scheduleWalkerLoop/<

console.trace: 
_fronts/inspector.js 829 WalkerFront<.getMutations</<
_/Promise-backend.js 932 Handler.prototype.process
_/Promise-backend.js 813 this.PromiseWalker.walkerLoop
_/Promise-backend.js 747 this.PromiseWalker.scheduleWalkerLoop/<

console.trace: 
_fronts/inspector.js 829 WalkerFront<.getMutations</<
_/Promise-backend.js 932 Handler.prototype.process
_/Promise-backend.js 813 this.PromiseWalker.walkerLoop
_/Promise-backend.js 747 this.PromiseWalker.scheduleWalkerLoop/<

console.trace: 
_fronts/inspector.js 829 WalkerFront<.getMutations</<
_/Promise-backend.js 932 Handler.prototype.process
_/Promise-backend.js 813 this.PromiseWalker.walkerLoop
_/Promise-backend.js 747 this.PromiseWalker.scheduleWalkerLoop/<

console.trace: 
_fronts/inspector.js 829 WalkerFront<.getMutations</<
_/Promise-backend.js 932 Handler.prototype.process
_/Promise-backend.js 813 this.PromiseWalker.walkerLoop
_/Promise-backend.js 747 this.PromiseWalker.scheduleWalkerLoop/<

console.trace: 
_fronts/inspector.js 829 WalkerFront<.getMutations</<
_/Promise-backend.js 932 Handler.prototype.process
_/Promise-backend.js 813 this.PromiseWalker.walkerLoop
_/Promise-backend.js 747 this.PromiseWalker.scheduleWalkerLoop/<

JavaScript warning: http://192.168.1.1/lib/js/common.js, line 1096: unreachable code after return statement
JavaScript warning: http://192.168.1.1/lib/js/common.js, line 1096: unreachable code after return statement
console.trace: 
_fronts/inspector.js 829 WalkerFront<.getMutations</<
_/Promise-backend.js 932 Handler.prototype.process
_/Promise-backend.js 813 this.PromiseWalker.walkerLoop
_/Promise-backend.js 747 this.PromiseWalker.scheduleWalkerLoop/<

console.trace: 
_fronts/inspector.js 829 WalkerFront<.getMutations</<
_/Promise-backend.js 932 Handler.prototype.process
_/Promise-backend.js 813 this.PromiseWalker.walkerLoop
_/Promise-backend.js 747 this.PromiseWalker.scheduleWalkerLoop/<

console.trace: 
_fronts/inspector.js 829 WalkerFront<.getMutations</<
_/Promise-backend.js 932 Handler.prototype.process
_/Promise-backend.js 813 this.PromiseWalker.walkerLoop
_/Promise-backend.js 747 this.PromiseWalker.scheduleWalkerLoop/<

console.trace: 
_fronts/inspector.js 829 WalkerFront<.getMutations</<
_/Promise-backend.js 932 Handler.prototype.process
_/Promise-backend.js 813 this.PromiseWalker.walkerLoop
_/Promise-backend.js 747 this.PromiseWalker.scheduleWalkerLoop/<

console.trace: 
_fronts/inspector.js 829 WalkerFront<.getMutations</<
_/Promise-backend.js 932 Handler.prototype.process
_/Promise-backend.js 813 this.PromiseWalker.walkerLoop
_/Promise-backend.js 747 this.PromiseWalker.scheduleWalkerLoop/<

console.trace: 
_fronts/inspector.js 829 WalkerFront<.getMutations</<
_/Promise-backend.js 932 Handler.prototype.process
_/Promise-backend.js 813 this.PromiseWalker.walkerLoop
_/Promise-backend.js 747 this.PromiseWalker.scheduleWalkerLoop/<

console.trace: 
_fronts/inspector.js 829 WalkerFront<.getMutations</<
_/Promise-backend.js 932 Handler.prototype.process
_/Promise-backend.js 813 this.PromiseWalker.walkerLoop
_/Promise-backend.js 747 this.PromiseWalker.scheduleWalkerLoop/<

console.trace: 
_fronts/inspector.js 829 WalkerFront<.getMutations</<
_/Promise-backend.js 932 Handler.prototype.process
_/Promise-backend.js 813 this.PromiseWalker.walkerLoop
_/Promise-backend.js 747 this.PromiseWalker.scheduleWalkerLoop/<

console.trace: 
_fronts/inspector.js 829 WalkerFront<.getMutations</<
_/Promise-backend.js 932 Handler.prototype.process
_/Promise-backend.js 813 this.PromiseWalker.walkerLoop
_/Promise-backend.js 747 this.PromiseWalker.scheduleWalkerLoop/<

console.trace: 
_fronts/inspector.js 829 WalkerFront<.getMutations</<
_/Promise-backend.js 932 Handler.prototype.process
_/Promise-backend.js 813 this.PromiseWalker.walkerLoop
_/Promise-backend.js 747 this.PromiseWalker.scheduleWalkerLoop/<

console.trace: 
_fronts/inspector.js 829 WalkerFront<.getMutations</<
_/Promise-backend.js 932 Handler.prototype.process
_/Promise-backend.js 813 this.PromiseWalker.walkerLoop
_/Promise-backend.js 747 this.PromiseWalker.scheduleWalkerLoop/<

console.trace: 
_fronts/inspector.js 829 WalkerFront<.getMutations</<
_/Promise-backend.js 932 Handler.prototype.process
_/Promise-backend.js 813 this.PromiseWalker.walkerLoop
_/Promise-backend.js 747 this.PromiseWalker.scheduleWalkerLoop/<

console.trace: 
_fronts/inspector.js 829 WalkerFront<.getMutations</<
_/Promise-backend.js 932 Handler.prototype.process
_/Promise-backend.js 813 this.PromiseWalker.walkerLoop
_/Promise-backend.js 747 this.PromiseWalker.scheduleWalkerLoop/<

console.trace: 
_fronts/inspector.js 829 WalkerFront<.getMutations</<
_/Promise-backend.js 932 Handler.prototype.process
_/Promise-backend.js 813 this.PromiseWalker.walkerLoop
_/Promise-backend.js 747 this.PromiseWalker.scheduleWalkerLoop/<

console.trace: 
_fronts/inspector.js 829 WalkerFront<.getMutations</<
_/Promise-backend.js 932 Handler.prototype.process
_/Promise-backend.js 813 this.PromiseWalker.walkerLoop
_/Promise-backend.js 747 this.PromiseWalker.scheduleWalkerLoop/<

console.trace: 
_fronts/inspector.js 829 WalkerFront<.getMutations</<
_/Promise-backend.js 932 Handler.prototype.process
_/Promise-backend.js 813 this.PromiseWalker.walkerLoop
_/Promise-backend.js 747 this.PromiseWalker.scheduleWalkerLoop/<

console.trace: 
_fronts/inspector.js 829 WalkerFront<.getMutations</<
_/Promise-backend.js 932 Handler.prototype.process
_/Promise-backend.js 813 this.PromiseWalker.walkerLoop
_/Promise-backend.js 747 this.PromiseWalker.scheduleWalkerLoop/<

console.trace: 
_fronts/inspector.js 829 WalkerFront<.getMutations</<
_/Promise-backend.js 932 Handler.prototype.process
_/Promise-backend.js 813 this.PromiseWalker.walkerLoop
_/Promise-backend.js 747 this.PromiseWalker.scheduleWalkerLoop/<

console.trace: 
_fronts/inspector.js 829 WalkerFront<.getMutations</<
_/Promise-backend.js 932 Handler.prototype.process
_/Promise-backend.js 813 this.PromiseWalker.walkerLoop
_/Promise-backend.js 747 this.PromiseWalker.scheduleWalkerLoop/<

console.trace: 
_fronts/inspector.js 829 WalkerFront<.getMutations</<
_/Promise-backend.js 932 Handler.prototype.process
_/Promise-backend.js 813 this.PromiseWalker.walkerLoop
_/Promise-backend.js 747 this.PromiseWalker.scheduleWalkerLoop/<

JavaScript warning: http://192.168.1.1/lib/js/common.js, line 1096: unreachable code after return statement
JavaScript warning: http://192.168.1.1/lib/js/common.js, line 1096: unreachable code after return statement
console.trace: 
_fronts/inspector.js 829 WalkerFront<.getMutations</<
_/Promise-backend.js 932 Handler.prototype.process
_/Promise-backend.js 813 this.PromiseWalker.walkerLoop
_/Promise-backend.js 747 this.PromiseWalker.scheduleWalkerLoop/<

console.trace: 
_fronts/inspector.js 829 WalkerFront<.getMutations</<
_/Promise-backend.js 932 Handler.prototype.process
_/Promise-backend.js 813 this.PromiseWalker.walkerLoop
_/Promise-backend.js 747 this.PromiseWalker.scheduleWalkerLoop/<

console.trace: 
_fronts/inspector.js 829 WalkerFront<.getMutations</<
_/Promise-backend.js 932 Handler.prototype.process
_/Promise-backend.js 813 this.PromiseWalker.walkerLoop
_/Promise-backend.js 747 this.PromiseWalker.scheduleWalkerLoop/<

console.trace: 
_fronts/inspector.js 829 WalkerFront<.getMutations</<
_/Promise-backend.js 932 Handler.prototype.process
_/Promise-backend.js 813 this.PromiseWalker.walkerLoop
_/Promise-backend.js 747 this.PromiseWalker.scheduleWalkerLoop/<

console.trace: 
_fronts/inspector.js 829 WalkerFront<.getMutations</<
_/Promise-backend.js 932 Handler.prototype.process
_/Promise-backend.js 813 this.PromiseWalker.walkerLoop
_/Promise-backend.js 747 this.PromiseWalker.scheduleWalkerLoop/<

console.trace: 
_fronts/inspector.js 829 WalkerFront<.getMutations</<
_/Promise-backend.js 932 Handler.prototype.process
_/Promise-backend.js 813 this.PromiseWalker.walkerLoop
_/Promise-backend.js 747 this.PromiseWalker.scheduleWalkerLoop/<

console.trace: 
_fronts/inspector.js 829 WalkerFront<.getMutations</<
_/Promise-backend.js 932 Handler.prototype.process
_/Promise-backend.js 813 this.PromiseWalker.walkerLoop
_/Promise-backend.js 747 this.PromiseWalker.scheduleWalkerLoop/<

console.trace: 
_fronts/inspector.js 829 WalkerFront<.getMutations</<
_/Promise-backend.js 932 Handler.prototype.process
_/Promise-backend.js 813 this.PromiseWalker.walkerLoop
_/Promise-backend.js 747 this.PromiseWalker.scheduleWalkerLoop/<

console.trace: 
_fronts/inspector.js 829 WalkerFront<.getMutations</<
_/Promise-backend.js 932 Handler.prototype.process
_/Promise-backend.js 813 this.PromiseWalker.walkerLoop
_/Promise-backend.js 747 this.PromiseWalker.scheduleWalkerLoop/<

console.trace: 
_fronts/inspector.js 829 WalkerFront<.getMutations</<
_/Promise-backend.js 932 Handler.prototype.process
_/Promise-backend.js 813 this.PromiseWalker.walkerLoop
_/Promise-backend.js 747 this.PromiseWalker.scheduleWalkerLoop/<

console.trace: 
_fronts/inspector.js 829 WalkerFront<.getMutations</<
_/Promise-backend.js 932 Handler.prototype.process
_/Promise-backend.js 813 this.PromiseWalker.walkerLoop
_/Promise-backend.js 747 this.PromiseWalker.scheduleWalkerLoop/<

console.trace: 
_fronts/inspector.js 829 WalkerFront<.getMutations</<
_/Promise-backend.js 932 Handler.prototype.process
_/Promise-backend.js 813 this.PromiseWalker.walkerLoop
_/Promise-backend.js 747 this.PromiseWalker.scheduleWalkerLoop/<

console.trace: 
_fronts/inspector.js 829 WalkerFront<.getMutations</<
_/Promise-backend.js 932 Handler.prototype.process
_/Promise-backend.js 813 this.PromiseWalker.walkerLoop
_/Promise-backend.js 747 this.PromiseWalker.scheduleWalkerLoop/<

console.trace: 
_fronts/inspector.js 829 WalkerFront<.getMutations</<
_/Promise-backend.js 932 Handler.prototype.process
_/Promise-backend.js 813 this.PromiseWalker.walkerLoop
_/Promise-backend.js 747 this.PromiseWalker.scheduleWalkerLoop/<

console.trace: 
_fronts/inspector.js 829 WalkerFront<.getMutations</<
_/Promise-backend.js 932 Handler.prototype.process
_/Promise-backend.js 813 this.PromiseWalker.walkerLoop
_/Promise-backend.js 747 this.PromiseWalker.scheduleWalkerLoop/<

console.trace: 
_fronts/inspector.js 829 WalkerFront<.getMutations</<
_/Promise-backend.js 932 Handler.prototype.process
_/Promise-backend.js 813 this.PromiseWalker.walkerLoop
_/Promise-backend.js 747 this.PromiseWalker.scheduleWalkerLoop/<

console.trace: 
_fronts/inspector.js 829 WalkerFront<.getMutations</<
_/Promise-backend.js 932 Handler.prototype.process
_/Promise-backend.js 813 this.PromiseWalker.walkerLoop
_/Promise-backend.js 747 this.PromiseWalker.scheduleWalkerLoop/<

console.trace: 
_fronts/inspector.js 829 WalkerFront<.getMutations</<
_/Promise-backend.js 932 Handler.prototype.process
_/Promise-backend.js 813 this.PromiseWalker.walkerLoop
_/Promise-backend.js 747 this.PromiseWalker.scheduleWalkerLoop/<

console.trace: 
_fronts/inspector.js 829 WalkerFront<.getMutations</<
_/Promise-backend.js 932 Handler.prototype.process
_/Promise-backend.js 813 this.PromiseWalker.walkerLoop
_/Promise-backend.js 747 this.PromiseWalker.scheduleWalkerLoop/<

console.trace: 
_fronts/inspector.js 829 WalkerFront<.getMutations</<
_/Promise-backend.js 932 Handler.prototype.process
_/Promise-backend.js 813 this.PromiseWalker.walkerLoop
_/Promise-backend.js 747 this.PromiseWalker.scheduleWalkerLoop/<

console.trace: 
_fronts/inspector.js 829 WalkerFront<.getMutations</<
_/Promise-backend.js 932 Handler.prototype.process
_/Promise-backend.js 813 this.PromiseWalker.walkerLoop
_/Promise-backend.js 747 this.PromiseWalker.scheduleWalkerLoop/<

JavaScript warning: http://192.168.1.1/lib/js/common.js, line 1096: unreachable code after return statement
JavaScript error: resource://app/modules/WindowsJumpLists.jsm, line 403: NS_ERROR_FILE_NOT_FOUND: Component returned failure code: 0x80520012 (NS_ERROR_FILE_NOT_FOUND) [nsIJumpListShortcut.app]
JavaScript error: resource://gre/modules/addons/XPIProvider.jsm, line 1633: NS_ERROR_FILE_NOT_FOUND: Component returned failure code: 0x80520012 (NS_ERROR_FILE_NOT_FOUND) [nsIFile.isDirectory]
[Child 1356] WARNING: pipe error: 109: file c:/builds/moz2_slave/m-rel-w32-00000000000000000000/build/src/ipc/chromium/src/chrome/common/ipc_channel_win.cc, line 345
