1542780774346	geckodriver	INFO	geckodriver 0.21.0
1542780774381	geckodriver	INFO	Listening on 127.0.0.1:11318
1542780777490	mozrunner::runner	INFO	Running command: "D:\\soft\\firefox\\firefox.exe" "-marionette" "-foreground" "-no-remote" "-profile" "C:\\Users\\zs\\AppData\\Local\\Temp\\rust_mozprofile.Sw6K4SYJ4IqH"
1542780779180	Marionette	DEBUG	Received observer notification profile-after-change
1542780779562	Marionette	DEBUG	Received observer notification toplevel-window-ready
1542780779589	Marionette	DEBUG	Received observer notification command-line-startup
1542780779589	Marionette	DEBUG	Received observer notification nsPref:changed
1542780779589	Marionette	DEBUG	Init aborted (running=false, enabled=true, finalUIStartup=false)
1542780780097	Marionette	DEBUG	Received observer notification toplevel-window-ready
1542780781876	Marionette	DEBUG	Received observer notification sessionstore-windows-restored
1542780781877	Marionette	DEBUG	Waiting for delayed startup...
1542780782035	Marionette	DEBUG	Setting recommended pref app.update.disabledForTesting to true
1542780782035	Marionette	DEBUG	Setting recommended pref security.turn_off_all_security_so_that_viruses_can_take_over_this_computer to true
1542780782037	Marionette	DEBUG	Setting recommended pref apz.content_response_timeout to 60000
1542780782039	Marionette	DEBUG	Setting recommended pref browser.download.panel.shown to true
1542780782039	Marionette	DEBUG	Setting recommended pref browser.pagethumbnails.capturing_disabled to true
1542780782039	Marionette	DEBUG	Setting recommended pref browser.search.update to false
1542780782040	Marionette	DEBUG	Setting recommended pref toolkit.cosmeticAnimations.enabled to false
1542780782040	Marionette	DEBUG	Setting recommended pref browser.tabs.disableBackgroundZombification to false
1542780782040	Marionette	DEBUG	Setting recommended pref browser.tabs.warnOnCloseOtherTabs to false
1542780782040	Marionette	DEBUG	Setting recommended pref browser.tabs.warnOnOpen to false
1542780782040	Marionette	DEBUG	Setting recommended pref browser.usedOnWindows10.introURL to 
1542780782041	Marionette	DEBUG	Setting recommended pref browser.urlbar.suggest.searches to false
1542780782041	Marionette	DEBUG	Setting recommended pref datareporting.policy.dataSubmissionPolicyAccepted to false
1542780782041	Marionette	DEBUG	Setting recommended pref dom.disable_beforeunload to true
1542780782041	Marionette	DEBUG	Setting recommended pref dom.disable_open_during_load to false
1542780782042	Marionette	DEBUG	Setting recommended pref dom.file.createInChild to true
1542780782042	Marionette	DEBUG	Setting recommended pref dom.max_chrome_script_run_time to 0
1542780782042	Marionette	DEBUG	Setting recommended pref dom.max_script_run_time to 0
1542780782042	Marionette	DEBUG	Setting recommended pref extensions.getAddons.cache.enabled to false
1542780782042	Marionette	DEBUG	Setting recommended pref extensions.webservice.discoverURL to http://%(server)s/dummy/discoveryURL
1542780782042	Marionette	DEBUG	Setting recommended pref network.http.prompt-temp-redirect to false
1542780782042	Marionette	DEBUG	Setting recommended pref network.http.speculative-parallel-limit to 0
1542780782042	Marionette	DEBUG	Setting recommended pref security.fileuri.strict_origin_policy to false
1542780782042	Marionette	DEBUG	Setting recommended pref security.notification_enable_delay to 0
1542780782043	Marionette	DEBUG	Setting recommended pref signon.autofillForms to false
1542780782043	Marionette	DEBUG	Setting recommended pref signon.rememberSignons to false
1542780782091	Marionette	INFO	Listening on port 11332
1542780782091	Marionette	DEBUG	Remote service is active
1542780782273	Marionette	DEBUG	Accepted connection 0 from 127.0.0.1:11347
1542780782276	Marionette	TRACE	0 -> [0,1,"WebDriver:NewSession",{"acceptInsecureCerts":true,"browserName":"firefox","capabilities":{"desiredCapabilities":{"acceptInsecureCerts":true,"browserName":"firefox"}}}]
1542780782276	Marionette	WARN	TLS certificate errors will be ignored for this session
1542780782425	Marionette	DEBUG	[6442450945] Frame script loaded
1542780782432	Marionette	DEBUG	[6442450945] Frame script registered
1542780782438	Marionette	TRACE	0 <- [1,1,null,{"sessionId":"8801c505-4236-477a-81d1-5936cdaf6a34","capabilities":{"browserName":"firefox","browserVersion":"63.0. ... alse,"moz:webdriverClick":true,"capabilities":{"desiredCapabilities":{"acceptInsecureCerts":true,"browserName":"firefox"}}}}]
1542780782455	Marionette	TRACE	0 -> [0,2,"WebDriver:Navigate",{"url":"http://www.google.com"}]
1542780782472	Marionette	DEBUG	[6442450945] Received DOM event beforeunload for about:blank
1542780789709	Marionette	DEBUG	Received DOM event unload for [object XULDocument]
1542780789744	Marionette	DEBUG	Received observer notification message-manager-disconnect
1542780789746	Marionette	DEBUG	[6442450945] Received DOM event pagehide for about:blank
1542780789747	Marionette	DEBUG	[6442450945] Received DOM event unload for about:blank
1542780789748	Marionette	DEBUG	[6442450945] Received observer notification outer-window-destroyed
1542780789790	Marionette	TRACE	0 <- [1,2,null,{"value":null}]
1542780789811	Marionette	TRACE	0 -> [0,3,"Marionette:Quit",{"flags":["eForceQuit"]}]
1542780789812	Marionette	INFO	Stopped listening on port 11332
[Child 8932, Chrome_ChildThread] WARNING: pipe error: 109: file z:/build/build/src/ipc/chromium/src/chrome/common/ipc_channel_win.cc, line 346
[Child 8932, Chrome_ChildThread] WARNING: pipe error: 109: file z:/build/build/src/ipc/chromium/src/chrome/common/ipc_channel_win.cc, line 346
[Child 9700, Chrome_ChildThread] WARNING: pipe error: 109: file z:/build/build/src/ipc/chromium/src/chrome/common/ipc_channel_win.cc, line 346
[Child 9700, Chrome_ChildThread] WARNING: pipe error: 109: file z:/build/build/src/ipc/chromium/src/chrome/common/ipc_channel_win.cc, line 346
1542780789851	Marionette	DEBUG	Closed connection 0
[Parent 10292, Gecko_IOThread] WARNING: pipe error: 109: file z:/build/build/src/ipc/chromium/src/chrome/common/ipc_channel_win.cc, line 346
[Child 10764, Chrome_ChildThread] WARNING: pipe error: 109: file z:/build/build/src/ipc/chromium/src/chrome/common/ipc_channel_win.cc, line 346
[Child 10764, Chrome_ChildThread] WARNING: pipe error: 109: file z:/build/build/src/ipc/chromium/src/chrome/common/ipc_channel_win.cc, line 346
1542780790255	Marionette	DEBUG	Received observer notification xpcom-will-shutdown
1542780790255	Marionette	DEBUG	Resetting recommended pref app.update.disabledForTesting
1542780790255	Marionette	DEBUG	Resetting recommended pref security.turn_off_all_security_so_that_viruses_can_take_over_this_computer
1542780790255	Marionette	DEBUG	Resetting recommended pref apz.content_response_timeout
1542780790256	Marionette	DEBUG	Resetting recommended pref browser.download.panel.shown
1542780790256	Marionette	DEBUG	Resetting recommended pref browser.pagethumbnails.capturing_disabled
1542780790256	Marionette	DEBUG	Resetting recommended pref browser.search.update
1542780790256	Marionette	DEBUG	Resetting recommended pref toolkit.cosmeticAnimations.enabled
1542780790256	Marionette	DEBUG	Resetting recommended pref browser.tabs.disableBackgroundZombification
1542780790256	Marionette	DEBUG	Resetting recommended pref browser.tabs.warnOnCloseOtherTabs
1542780790257	Marionette	DEBUG	Resetting recommended pref browser.tabs.warnOnOpen
1542780790257	Marionette	DEBUG	Resetting recommended pref browser.usedOnWindows10.introURL
1542780790257	Marionette	DEBUG	Resetting recommended pref browser.urlbar.suggest.searches
1542780790257	Marionette	DEBUG	Resetting recommended pref datareporting.policy.dataSubmissionPolicyAccepted
1542780790257	Marionette	DEBUG	Resetting recommended pref dom.disable_beforeunload
1542780790257	Marionette	DEBUG	Resetting recommended pref dom.disable_open_during_load
1542780790257	Marionette	DEBUG	Resetting recommended pref dom.file.createInChild
1542780790257	Marionette	DEBUG	Resetting recommended pref dom.max_chrome_script_run_time
1542780790257	Marionette	DEBUG	Resetting recommended pref dom.max_script_run_time
1542780790258	Marionette	DEBUG	Resetting recommended pref extensions.getAddons.cache.enabled
1542780790258	Marionette	DEBUG	Resetting recommended pref extensions.webservice.discoverURL
1542780790258	Marionette	DEBUG	Resetting recommended pref network.http.prompt-temp-redirect
1542780790258	Marionette	DEBUG	Resetting recommended pref network.http.speculative-parallel-limit
1542780790258	Marionette	DEBUG	Resetting recommended pref security.fileuri.strict_origin_policy
1542780790258	Marionette	DEBUG	Resetting recommended pref security.notification_enable_delay
1542780790258	Marionette	DEBUG	Resetting recommended pref signon.autofillForms
1542780790258	Marionette	DEBUG	Resetting recommended pref signon.rememberSignons
1542780790258	Marionette	DEBUG	Remote service is inactive

###!!! [Child][RunMessage] Error: Channel closing: too late to send/recv, messages will be lost

[GPU 2168, Chrome_ChildThread] WARNING: pipe error: 109: file z:/build/build/src/ipc/chromium/src/chrome/common/ipc_channel_win.cc, line 346
1542780802225	geckodriver	INFO	geckodriver 0.21.0
1542780802235	geckodriver	INFO	Listening on 127.0.0.1:11395
1542780805247	mozrunner::runner	INFO	Running command: "D:\\soft\\firefox\\firefox.exe" "-marionette" "-foreground" "-no-remote" "-profile" "C:\\Users\\zs\\AppData\\Local\\Temp\\rust_mozprofile.P9TrLAVG3nOT"
1542780805941	Marionette	DEBUG	Received observer notification profile-after-change
1542780806016	Marionette	DEBUG	Received observer notification toplevel-window-ready
1542780806039	Marionette	DEBUG	Received observer notification command-line-startup
1542780806039	Marionette	DEBUG	Received observer notification nsPref:changed
1542780806039	Marionette	DEBUG	Init aborted (running=false, enabled=true, finalUIStartup=false)
1542780806169	Marionette	DEBUG	Received observer notification toplevel-window-ready
1542780807090	Marionette	DEBUG	Received observer notification sessionstore-windows-restored
1542780807090	Marionette	DEBUG	Waiting for delayed startup...
1542780807174	Marionette	DEBUG	Setting recommended pref app.update.disabledForTesting to true
1542780807174	Marionette	DEBUG	Setting recommended pref security.turn_off_all_security_so_that_viruses_can_take_over_this_computer to true
1542780807175	Marionette	DEBUG	Setting recommended pref apz.content_response_timeout to 60000
1542780807175	Marionette	DEBUG	Setting recommended pref browser.download.panel.shown to true
1542780807175	Marionette	DEBUG	Setting recommended pref browser.pagethumbnails.capturing_disabled to true
1542780807176	Marionette	DEBUG	Setting recommended pref browser.search.update to false
1542780807176	Marionette	DEBUG	Setting recommended pref toolkit.cosmeticAnimations.enabled to false
1542780807176	Marionette	DEBUG	Setting recommended pref browser.tabs.disableBackgroundZombification to false
1542780807176	Marionette	DEBUG	Setting recommended pref browser.tabs.warnOnCloseOtherTabs to false
1542780807176	Marionette	DEBUG	Setting recommended pref browser.tabs.warnOnOpen to false
1542780807176	Marionette	DEBUG	Setting recommended pref browser.usedOnWindows10.introURL to 
1542780807176	Marionette	DEBUG	Setting recommended pref browser.urlbar.suggest.searches to false
1542780807177	Marionette	DEBUG	Setting recommended pref datareporting.policy.dataSubmissionPolicyAccepted to false
1542780807177	Marionette	DEBUG	Setting recommended pref dom.disable_beforeunload to true
1542780807177	Marionette	DEBUG	Setting recommended pref dom.disable_open_during_load to false
1542780807177	Marionette	DEBUG	Setting recommended pref dom.file.createInChild to true
1542780807177	Marionette	DEBUG	Setting recommended pref dom.max_chrome_script_run_time to 0
1542780807177	Marionette	DEBUG	Setting recommended pref dom.max_script_run_time to 0
1542780807177	Marionette	DEBUG	Setting recommended pref extensions.getAddons.cache.enabled to false
1542780807177	Marionette	DEBUG	Setting recommended pref extensions.webservice.discoverURL to http://%(server)s/dummy/discoveryURL
1542780807177	Marionette	DEBUG	Setting recommended pref network.http.prompt-temp-redirect to false
1542780807177	Marionette	DEBUG	Setting recommended pref network.http.speculative-parallel-limit to 0
1542780807178	Marionette	DEBUG	Setting recommended pref security.fileuri.strict_origin_policy to false
1542780807178	Marionette	DEBUG	Setting recommended pref security.notification_enable_delay to 0
1542780807178	Marionette	DEBUG	Setting recommended pref signon.autofillForms to false
1542780807178	Marionette	DEBUG	Setting recommended pref signon.rememberSignons to false
1542780807224	Marionette	INFO	Listening on port 11410
1542780807224	Marionette	DEBUG	Remote service is active
1542780807378	Marionette	DEBUG	Accepted connection 0 from 127.0.0.1:11417
1542780807380	Marionette	TRACE	0 -> [0,1,"WebDriver:NewSession",{"acceptInsecureCerts":true,"browserName":"firefox","capabilities":{"desiredCapabilities":{"acceptInsecureCerts":true,"browserName":"firefox"}}}]
1542780807381	Marionette	WARN	TLS certificate errors will be ignored for this session
1542780807462	Marionette	DEBUG	[6442450945] Frame script loaded
1542780807467	Marionette	DEBUG	[6442450945] Frame script registered
1542780807472	Marionette	TRACE	0 <- [1,1,null,{"sessionId":"1c8e6d54-3627-4065-8bf5-a48ddfdef379","capabilities":{"browserName":"firefox","browserVersion":"63.0. ... alse,"moz:webdriverClick":true,"capabilities":{"desiredCapabilities":{"acceptInsecureCerts":true,"browserName":"firefox"}}}}]
1542780807476	Marionette	TRACE	0 -> [0,2,"WebDriver:Navigate",{"url":"http://www.baidu.com"}]
1542780807485	Marionette	DEBUG	[6442450945] Received DOM event beforeunload for about:blank
1542780807761	Marionette	DEBUG	[6442450945] Received DOM event pagehide for about:blank
1542780808044	Marionette	DEBUG	[6442450945] Received DOM event DOMContentLoaded for https://www.baidu.com/
1542780808106	Marionette	DEBUG	[6442450945] Received DOM event pageshow for https://www.baidu.com/
1542780808107	Marionette	TRACE	0 <- [1,2,null,{"value":null}]
1542780808114	Marionette	TRACE	0 -> [0,3,"Marionette:Quit",{"flags":["eForceQuit"]}]
1542780808115	Marionette	INFO	Stopped listening on port 11410
1542780808184	Marionette	TRACE	0 <- [1,3,null,{"cause":"shutdown"}]
1542780808207	Marionette	TRACE	0 -> [0,4,"Marionette:Quit",{"flags":["eForceQuit"]}]
1542780808207	Marionette	TRACE	0 <- [1,4,{"error":"invalid session id","message":"Tried to run command without establishing a connection","stacktrace":"WebDriver ... et@chrome://marionette/content/server.js:245:8\n_onJSONObjectReady/<@chrome://marionette/content/transport.js:490:9\n"},null]
[Parent 10996, Gecko_IOThread] WARNING: pipe error: 109: file z:/build/build/src/ipc/chromium/src/chrome/common/ipc_channel_win.cc, line 346
[Child 6500, Chrome_ChildThread] WARNING: pipe error: 109: file z:/build/build/src/ipc/chromium/src/chrome/common/ipc_channel_win.cc, line 346
1542780808220	Marionette	DEBUG	Closed connection 0
JavaScript error: resource:///modules/FaviconLoader.jsm, line 411: NS_ERROR_ILLEGAL_VALUE
[Child 6620, Chrome_ChildThread] WARNING: pipe error: 109: file z:/build/build/src/ipc/chromium/src/chrome/common/ipc_channel_win.cc, line 346
[Child 6620, Chrome_ChildThread] WARNING: pipe error: 109: file z:/build/build/src/ipc/chromium/src/chrome/common/ipc_channel_win.cc, line 346
[Child 4788, Chrome_ChildThread] WARNING: pipe error: 109: file z:/build/build/src/ipc/chromium/src/chrome/common/ipc_channel_win.cc, line 346
[Child 4788, Chrome_ChildThread] WARNING: pipe error: 109: file z:/build/build/src/ipc/chromium/src/chrome/common/ipc_channel_win.cc, line 346
1542780808605	Marionette	DEBUG	Received observer notification xpcom-will-shutdown
1542780808606	Marionette	DEBUG	Resetting recommended pref app.update.disabledForTesting
1542780808606	Marionette	DEBUG	Resetting recommended pref security.turn_off_all_security_so_that_viruses_can_take_over_this_computer
1542780808606	Marionette	DEBUG	Resetting recommended pref apz.content_response_timeout
1542780808606	Marionette	DEBUG	Resetting recommended pref browser.download.panel.shown
1542780808606	Marionette	DEBUG	Resetting recommended pref browser.pagethumbnails.capturing_disabled
1542780808606	Marionette	DEBUG	Resetting recommended pref browser.search.update
1542780808606	Marionette	DEBUG	Resetting recommended pref toolkit.cosmeticAnimations.enabled
1542780808606	Marionette	DEBUG	Resetting recommended pref browser.tabs.disableBackgroundZombification
1542780808606	Marionette	DEBUG	Resetting recommended pref browser.tabs.warnOnCloseOtherTabs
1542780808607	Marionette	DEBUG	Resetting recommended pref browser.tabs.warnOnOpen
1542780808607	Marionette	DEBUG	Resetting recommended pref browser.usedOnWindows10.introURL
1542780808607	Marionette	DEBUG	Resetting recommended pref browser.urlbar.suggest.searches
1542780808607	Marionette	DEBUG	Resetting recommended pref datareporting.policy.dataSubmissionPolicyAccepted
1542780808607	Marionette	DEBUG	Resetting recommended pref dom.disable_beforeunload
1542780808607	Marionette	DEBUG	Resetting recommended pref dom.disable_open_during_load
1542780808607	Marionette	DEBUG	Resetting recommended pref dom.file.createInChild
1542780808608	Marionette	DEBUG	Resetting recommended pref dom.max_chrome_script_run_time
1542780808608	Marionette	DEBUG	Resetting recommended pref dom.max_script_run_time
1542780808608	Marionette	DEBUG	Resetting recommended pref extensions.getAddons.cache.enabled
1542780808608	Marionette	DEBUG	Resetting recommended pref extensions.webservice.discoverURL
1542780808608	Marionette	DEBUG	Resetting recommended pref network.http.prompt-temp-redirect
1542780808608	Marionette	DEBUG	Resetting recommended pref network.http.speculative-parallel-limit
1542780808608	Marionette	DEBUG	Resetting recommended pref security.fileuri.strict_origin_policy
1542780808608	Marionette	DEBUG	Resetting recommended pref security.notification_enable_delay
1542780808608	Marionette	DEBUG	Resetting recommended pref signon.autofillForms
1542780808609	Marionette	DEBUG	Resetting recommended pref signon.rememberSignons
1542780808609	Marionette	DEBUG	Remote service is inactive

###!!! [Child][RunMessage] Error: Channel closing: too late to send/recv, messages will be lost

[GPU 7332, Chrome_ChildThread] WARNING: pipe error: 109: file z:/build/build/src/ipc/chromium/src/chrome/common/ipc_channel_win.cc, line 346
